#
# There is insufficient memory for the Java Runtime Environment to continue.
# Native memory allocation (malloc) failed to allocate 1349936 bytes for Chunk::new
# Possible reasons:
#   The system is out of physical RAM or swap space
#   In 32 bit mode, the process size limit was hit
# Possible solutions:
#   Reduce memory load on the system
#   Increase physical memory or swap space
#   Check if swap backing store is full
#   Use 64 bit Java on a 64 bit OS
#   Decrease Java heap size (-Xmx/-Xms)
#   Decrease number of Java threads
#   Decrease Java thread stack sizes (-Xss)
#   Set larger code cache with -XX:ReservedCodeCacheSize=
# This output file may be truncated or incomplete.
#
#  Out of Memory Error (allocation.cpp:390), pid=8692, tid=0x0000000000002194
#
# JRE version: OpenJDK Runtime Environment (8.0_152-b02) (build 1.8.0_152-release-1024-b02)
# Java VM: OpenJDK 64-Bit Server VM (25.152-b02 mixed mode windows-amd64 compressed oops)
# Failed to write core dump. Minidumps are not enabled by default on client versions of Windows
#

---------------  T H R E A D  ---------------

Current thread (0x0000000015ff2000):  JavaThread "C2 CompilerThread1" daemon [_thread_in_native, id=8596, stack(0x0000000017760000,0x0000000017860000)]

Stack: [0x0000000017760000,0x0000000017860000]
[error occurred during error reporting (printing stack bounds), id 0xc0000005]

Native frames: (J=compiled Java code, j=interpreted, Vv=VM code, C=native code)


Current CompileTask:
C2:2451105 11020   !   4       org.jetbrains.kotlin.metadata.ProtoBuf$Class::<init> (1786 bytes)


---------------  P R O C E S S  ---------------

Java Threads: ( => current thread )
  0x000000001bf5e000 JavaThread "RMI RenewClean-[localhost:4041,org.jetbrains.kotlin.daemon.common.LoopbackNetworkInterface$ClientLoopbackSocketFactory@6cef725c]" daemon [_thread_blocked, id=7908, stack(0x00000000210d0000,0x00000000211d0000)]
  0x000000001bf5f800 JavaThread "RMI TCP Connection(24)-127.0.0.1" daemon [_thread_in_Java, id=14280, stack(0x0000000020fd0000,0x00000000210d0000)]
  0x000000001bf60000 JavaThread "RMI TCP Connection(23)-127.0.0.1" daemon [_thread_in_native, id=11080, stack(0x0000000020ed0000,0x0000000020fd0000)]
  0x000000001d566000 JavaThread "RMI RenewClean-[localhost:4041,org.jetbrains.kotlin.daemon.common.LoopbackNetworkInterface$ClientLoopbackSocketFactory@271823ad]" daemon [_thread_blocked, id=15256, stack(0x0000000020cd0000,0x0000000020dd0000)]
  0x000000001818e000 JavaThread "RMI Scheduler(0)" daemon [_thread_blocked, id=14620, stack(0x0000000019400000,0x0000000019500000)]
  0x0000000002582800 JavaThread "DestroyJavaVM" [_thread_blocked, id=10500, stack(0x0000000002480000,0x0000000002580000)]
  0x00000000180e8800 JavaThread "GC Daemon" daemon [_thread_blocked, id=10812, stack(0x0000000018ea0000,0x0000000018fa0000)]
  0x0000000018159000 JavaThread "RMI Reaper" [_thread_blocked, id=12040, stack(0x0000000018da0000,0x0000000018ea0000)]
  0x00000000180d3000 JavaThread "Timer-0" daemon [_thread_blocked, id=15068, stack(0x0000000018ba0000,0x0000000018ca0000)]
  0x00000000180d0800 JavaThread "RMI TCP Accept-17508" daemon [_thread_in_native, id=7628, stack(0x0000000018aa0000,0x0000000018ba0000)]
  0x0000000017980800 JavaThread "Service Thread" daemon [_thread_blocked, id=5480, stack(0x0000000017d60000,0x0000000017e60000)]
  0x0000000015ff5000 JavaThread "C1 CompilerThread2" daemon [_thread_in_native, id=14868, stack(0x0000000017860000,0x0000000017960000)]
=>0x0000000015ff2000 JavaThread "C2 CompilerThread1" daemon [_thread_in_native, id=8596, stack(0x0000000017760000,0x0000000017860000)]
  0x0000000015fee000 JavaThread "C2 CompilerThread0" daemon [_thread_in_native, id=3564, stack(0x0000000017660000,0x0000000017760000)]
  0x0000000015fec000 JavaThread "Attach Listener" daemon [_thread_blocked, id=4888, stack(0x0000000017560000,0x0000000017660000)]
  0x0000000015fea800 JavaThread "Signal Dispatcher" daemon [_thread_blocked, id=5460, stack(0x0000000017460000,0x0000000017560000)]
  0x000000000267d800 JavaThread "Finalizer" daemon [_thread_blocked, id=2160, stack(0x0000000017250000,0x0000000017350000)]
  0x0000000002672800 JavaThread "Reference Handler" daemon [_thread_blocked, id=11760, stack(0x0000000017150000,0x0000000017250000)]

Other Threads:
  0x0000000015fb5800 VMThread [stack: 0x0000000017050000,0x0000000017150000] [id=3060]
  0x0000000017989800 WatcherThread [stack: 0x0000000017e60000,0x0000000017f60000] [id=14444]

VM state:not at safepoint (normal execution)

VM Mutex/Monitor currently owned by a thread: None

Heap:
 PSYoungGen      total 205824K, used 29023K [0x00000000e0000000, 0x00000000f3580000, 0x0000000100000000)
  eden space 130048K, 9% used [0x00000000e0000000,0x00000000e0c08c80,0x00000000e7f00000)
  from space 75776K, 22% used [0x00000000e7f00000,0x00000000e8f4f098,0x00000000ec900000)
  to   space 73728K, 0% used [0x00000000eed80000,0x00000000eed80000,0x00000000f3580000)
 ParOldGen       total 156160K, used 39613K [0x00000000a0000000, 0x00000000a9880000, 0x00000000e0000000)
  object space 156160K, 25% used [0x00000000a0000000,0x00000000a26af528,0x00000000a9880000)
 Metaspace       used 57378K, capacity 58529K, committed 59160K, reserved 1101824K
  class space    used 6763K, capacity 7034K, committed 7216K, reserved 1048576K

Card table byte_map: [0x0000000011a40000,0x0000000011d50000] byte_map_base: 0x0000000011540000

Marking Bits: (ParMarkBitMap*) 0x0000000070c14970
 Begin Bits: [0x0000000012350000, 0x0000000013b50000)
 End Bits:   [0x0000000013b50000, 0x0000000015350000)

Polling page: 0x00000000001f0000

CodeCache: size=245760Kb used=29054Kb max_used=29619Kb free=216705Kb
 bounds [0x0000000002680000, 0x00000000043a0000, 0x0000000011680000]
 total_blobs=9682 nmethods=9156 adapters=437
 compilation: enabled

Compilation events (10 events):
Event: 2450.759 Thread 0x0000000015ff5000 11100       3       org.jetbrains.kotlin.cli.jvm.compiler.JvmPackagePartProvider::findPackageParts (279 bytes)
Event: 2450.761 Thread 0x0000000015ff5000 nmethod 11100 0x000000000438b210 code [0x000000000438b700, 0x000000000438e6b8]
Event: 2450.801 Thread 0x0000000015ff5000 11101       3       java.io.FileInputStream::finalize (22 bytes)
Event: 2450.802 Thread 0x0000000015ff5000 nmethod 11101 0x0000000004390690 code [0x0000000004390800, 0x0000000004390a88]
Event: 2450.802 Thread 0x0000000015ff5000 11102       1       sun.rmi.transport.tcp.TCPEndpoint::hashCode (5 bytes)
Event: 2450.802 Thread 0x0000000015ff5000 nmethod 11102 0x00000000043768d0 code [0x0000000004376a20, 0x0000000004376b30]
Event: 2450.803 Thread 0x0000000015ff5000 11103   !   3       java.util.zip.Inflater::end (50 bytes)
Event: 2450.803 Thread 0x0000000015ff5000 nmethod 11103 0x0000000004390b10 code [0x0000000004390ca0, 0x0000000004391128]
Event: 2450.814 Thread 0x0000000015ff5000 11105       3       org.jetbrains.kotlin.metadata.ProtoBuf$TypeAlias::initFields (55 bytes)
Event: 2450.814 Thread 0x0000000015ff5000 nmethod 11105 0x00000000027b4650 code [0x00000000027b47e0, 0x00000000027b4b50]

GC Heap History (10 events):
Event: 2229.968 GC heap before
{Heap before GC invocations=19 (full 3):
 PSYoungGen      total 134144K, used 134117K [0x00000000e0000000, 0x00000000ed600000, 0x0000000100000000)
  eden space 89600K, 100% used [0x00000000e0000000,0x00000000e5780000,0x00000000e5780000)
  from space 44544K, 99% used [0x00000000e5780000,0x00000000e82f9460,0x00000000e8300000)
  to   space 52224K, 0% used [0x00000000ea300000,0x00000000ea300000,0x00000000ed600000)
 ParOldGen       total 115200K, used 55292K [0x00000000a0000000, 0x00000000a7080000, 0x00000000e0000000)
  object space 115200K, 47% used [0x00000000a0000000,0x00000000a35ff208,0x00000000a7080000)
 Metaspace       used 55930K, capacity 57185K, committed 57512K, reserved 1099776K
  class space    used 6735K, capacity 7032K, committed 7088K, reserved 1048576K
Event: 2230.034 GC heap after
Heap after GC invocations=19 (full 3):
 PSYoungGen      total 155136K, used 52215K [0x00000000e0000000, 0x00000000eea00000, 0x0000000100000000)
  eden space 102912K, 0% used [0x00000000e0000000,0x00000000e0000000,0x00000000e6480000)
  from space 52224K, 99% used [0x00000000ea300000,0x00000000ed5fdc10,0x00000000ed600000)
  to   space 64000K, 0% used [0x00000000e6480000,0x00000000e6480000,0x00000000ea300000)
 ParOldGen       total 115200K, used 65129K [0x00000000a0000000, 0x00000000a7080000, 0x00000000e0000000)
  object space 115200K, 56% used [0x00000000a0000000,0x00000000a3f9a5e0,0x00000000a7080000)
 Metaspace       used 55930K, capacity 57185K, committed 57512K, reserved 1099776K
  class space    used 6735K, capacity 7032K, committed 7088K, reserved 1048576K
}
Event: 2231.361 GC heap before
{Heap before GC invocations=20 (full 3):
 PSYoungGen      total 155136K, used 155127K [0x00000000e0000000, 0x00000000eea00000, 0x0000000100000000)
  eden space 102912K, 100% used [0x00000000e0000000,0x00000000e6480000,0x00000000e6480000)
  from space 52224K, 99% used [0x00000000ea300000,0x00000000ed5fdc10,0x00000000ed600000)
  to   space 64000K, 0% used [0x00000000e6480000,0x00000000e6480000,0x00000000ea300000)
 ParOldGen       total 115200K, used 65129K [0x00000000a0000000, 0x00000000a7080000, 0x00000000e0000000)
  object space 115200K, 56% used [0x00000000a0000000,0x00000000a3f9a5e0,0x00000000a7080000)
 Metaspace       used 57584K, capacity 58907K, committed 59160K, reserved 1101824K
  class space    used 6850K, capacity 7185K, committed 7216K, reserved 1048576K
Event: 2231.427 GC heap after
Heap after GC invocations=20 (full 3):
 PSYoungGen      total 166912K, used 59039K [0x00000000e0000000, 0x00000000f1000000, 0x0000000100000000)
  eden space 102912K, 0% used [0x00000000e0000000,0x00000000e0000000,0x00000000e6480000)
  from space 64000K, 92% used [0x00000000e6480000,0x00000000e9e27cf0,0x00000000ea300000)
  to   space 72704K, 0% used [0x00000000ec900000,0x00000000ec900000,0x00000000f1000000)
 ParOldGen       total 115200K, used 75614K [0x00000000a0000000, 0x00000000a7080000, 0x00000000e0000000)
  object space 115200K, 65% used [0x00000000a0000000,0x00000000a49d7b68,0x00000000a7080000)
 Metaspace       used 57584K, capacity 58907K, committed 59160K, reserved 1101824K
  class space    used 6850K, capacity 7185K, committed 7216K, reserved 1048576K
}
Event: 2231.748 GC heap before
{Heap before GC invocations=21 (full 3):
 PSYoungGen      total 166912K, used 81568K [0x00000000e0000000, 0x00000000f1000000, 0x0000000100000000)
  eden space 102912K, 21% used [0x00000000e0000000,0x00000000e1600588,0x00000000e6480000)
  from space 64000K, 92% used [0x00000000e6480000,0x00000000e9e27cf0,0x00000000ea300000)
  to   space 72704K, 0% used [0x00000000ec900000,0x00000000ec900000,0x00000000f1000000)
 ParOldGen       total 115200K, used 75614K [0x00000000a0000000, 0x00000000a7080000, 0x00000000e0000000)
  object space 115200K, 65% used [0x00000000a0000000,0x00000000a49d7b68,0x00000000a7080000)
 Metaspace       used 57720K, capacity 58983K, committed 59160K, reserved 1101824K
  class space    used 6854K, capacity 7187K, committed 7216K, reserved 1048576K
Event: 2231.837 GC heap after
Heap after GC invocations=21 (full 3):
 PSYoungGen      total 202752K, used 48691K [0x00000000e0000000, 0x00000000f1600000, 0x0000000100000000)
  eden space 130048K, 0% used [0x00000000e0000000,0x00000000e0000000,0x00000000e7f00000)
  from space 72704K, 66% used [0x00000000ec900000,0x00000000ef88cee0,0x00000000f1000000)
  to   space 75776K, 0% used [0x00000000e7f00000,0x00000000e7f00000,0x00000000ec900000)
 ParOldGen       total 115200K, used 83220K [0x00000000a0000000, 0x00000000a7080000, 0x00000000e0000000)
  object space 115200K, 72% used [0x00000000a0000000,0x00000000a5145200,0x00000000a7080000)
 Metaspace       used 57720K, capacity 58983K, committed 59160K, reserved 1101824K
  class space    used 6854K, capacity 7187K, committed 7216K, reserved 1048576K
}
Event: 2231.837 GC heap before
{Heap before GC invocations=22 (full 4):
 PSYoungGen      total 202752K, used 48691K [0x00000000e0000000, 0x00000000f1600000, 0x0000000100000000)
  eden space 130048K, 0% used [0x00000000e0000000,0x00000000e0000000,0x00000000e7f00000)
  from space 72704K, 66% used [0x00000000ec900000,0x00000000ef88cee0,0x00000000f1000000)
  to   space 75776K, 0% used [0x00000000e7f00000,0x00000000e7f00000,0x00000000ec900000)
 ParOldGen       total 115200K, used 83220K [0x00000000a0000000, 0x00000000a7080000, 0x00000000e0000000)
  object space 115200K, 72% used [0x00000000a0000000,0x00000000a5145200,0x00000000a7080000)
 Metaspace       used 57720K, capacity 58983K, committed 59160K, reserved 1101824K
  class space    used 6854K, capacity 7187K, committed 7216K, reserved 1048576K
Event: 2232.074 GC heap after
Heap after GC invocations=22 (full 4):
 PSYoungGen      total 202752K, used 0K [0x00000000e0000000, 0x00000000f1600000, 0x0000000100000000)
  eden space 130048K, 0% used [0x00000000e0000000,0x00000000e0000000,0x00000000e7f00000)
  from space 72704K, 0% used [0x00000000ec900000,0x00000000ec900000,0x00000000f1000000)
  to   space 75776K, 0% used [0x00000000e7f00000,0x00000000e7f00000,0x00000000ec900000)
 ParOldGen       total 156160K, used 39605K [0x00000000a0000000, 0x00000000a9880000, 0x00000000e0000000)
  object space 156160K, 25% used [0x00000000a0000000,0x00000000a26ad528,0x00000000a9880000)
 Metaspace       used 56502K, capacity 57453K, committed 59160K, reserved 1101824K
  class space    used 6682K, capacity 6916K, committed 7216K, reserved 1048576K
}
Event: 2450.774 GC heap before
{Heap before GC invocations=23 (full 4):
 PSYoungGen      total 202752K, used 130048K [0x00000000e0000000, 0x00000000f1600000, 0x0000000100000000)
  eden space 130048K, 100% used [0x00000000e0000000,0x00000000e7f00000,0x00000000e7f00000)
  from space 72704K, 0% used [0x00000000ec900000,0x00000000ec900000,0x00000000f1000000)
  to   space 75776K, 0% used [0x00000000e7f00000,0x00000000e7f00000,0x00000000ec900000)
 ParOldGen       total 156160K, used 39605K [0x00000000a0000000, 0x00000000a9880000, 0x00000000e0000000)
  object space 156160K, 25% used [0x00000000a0000000,0x00000000a26ad528,0x00000000a9880000)
 Metaspace       used 57351K, capacity 58453K, committed 59160K, reserved 1101824K
  class space    used 6762K, capacity 7032K, committed 7216K, reserved 1048576K
Event: 2450.801 GC heap after
Heap after GC invocations=23 (full 4):
 PSYoungGen      total 205824K, used 16700K [0x00000000e0000000, 0x00000000f3580000, 0x0000000100000000)
  eden space 130048K, 0% used [0x00000000e0000000,0x00000000e0000000,0x00000000e7f00000)
  from space 75776K, 22% used [0x00000000e7f00000,0x00000000e8f4f098,0x00000000ec900000)
  to   space 73728K, 0% used [0x00000000eed80000,0x00000000eed80000,0x00000000f3580000)
 ParOldGen       total 156160K, used 39613K [0x00000000a0000000, 0x00000000a9880000, 0x00000000e0000000)
  object space 156160K, 25% used [0x00000000a0000000,0x00000000a26af528,0x00000000a9880000)
 Metaspace       used 57351K, capacity 58453K, committed 59160K, reserved 1101824K
  class space    used 6762K, capacity 7032K, committed 7216K, reserved 1048576K
}

Deoptimization events (10 events):
Event: 2298.430 Thread 0x0000000018174800 Uncommon trap: reason=speculate_class_check action=maybe_recompile pc=0x000000000315f8ec method=org.jetbrains.kotlin.types.SpecialTypesKt.isDefinitelyNotNullType(Lorg/jetbrains/kotlin/types/KotlinType;)Z @ 10
Event: 2298.430 Thread 0x0000000018174800 Uncommon trap: reason=speculate_class_check action=maybe_recompile pc=0x000000000315f8ec method=org.jetbrains.kotlin.types.SpecialTypesKt.isDefinitelyNotNullType(Lorg/jetbrains/kotlin/types/KotlinType;)Z @ 10
Event: 2298.494 Thread 0x0000000018174800 Uncommon trap: reason=speculate_class_check action=maybe_recompile pc=0x00000000041c46b0 method=org.jetbrains.kotlin.com.intellij.util.CachedValueBase.getValueWithLock(Ljava/lang/Object;)Ljava/lang/Object; @ 57
Event: 2298.529 Thread 0x0000000018174800 Uncommon trap: reason=class_check action=maybe_recompile pc=0x00000000041efb08 method=org.jetbrains.kotlin.descriptors.TypeParameterUtilsKt.buildPossiblyInnerType(Lorg/jetbrains/kotlin/types/KotlinType;Lorg/jetbrains/kotlin/descriptors/ClassifierDescripto
Event: 2298.529 Thread 0x0000000018174800 Uncommon trap: reason=class_check action=maybe_recompile pc=0x00000000041efb08 method=org.jetbrains.kotlin.descriptors.TypeParameterUtilsKt.buildPossiblyInnerType(Lorg/jetbrains/kotlin/types/KotlinType;Lorg/jetbrains/kotlin/descriptors/ClassifierDescripto
Event: 2298.529 Thread 0x0000000018174800 Uncommon trap: reason=class_check action=maybe_recompile pc=0x00000000041efb08 method=org.jetbrains.kotlin.descriptors.TypeParameterUtilsKt.buildPossiblyInnerType(Lorg/jetbrains/kotlin/types/KotlinType;Lorg/jetbrains/kotlin/descriptors/ClassifierDescripto
Event: 2298.529 Thread 0x0000000018174800 Uncommon trap: reason=class_check action=maybe_recompile pc=0x00000000041efb08 method=org.jetbrains.kotlin.descriptors.TypeParameterUtilsKt.buildPossiblyInnerType(Lorg/jetbrains/kotlin/types/KotlinType;Lorg/jetbrains/kotlin/descriptors/ClassifierDescripto
Event: 2298.818 Thread 0x0000000018174800 Uncommon trap: reason=class_check action=maybe_recompile pc=0x0000000002eb8c20 method=java.lang.reflect.Array.newInstance(Ljava/lang/Class;I)Ljava/lang/Object; @ 2
Event: 2450.452 Thread 0x000000001bf5f800 Uncommon trap: reason=class_check action=maybe_recompile pc=0x0000000002eb8c20 method=java.lang.reflect.Array.newInstance(Ljava/lang/Class;I)Ljava/lang/Object; @ 2
Event: 2450.466 Thread 0x000000001bf5f800 Uncommon trap: reason=class_check action=maybe_recompile pc=0x0000000002eb8c20 method=java.lang.reflect.Array.newInstance(Ljava/lang/Class;I)Ljava/lang/Object; @ 2

Classes redefined (0 events):
No events

Internal exceptions (10 events):
Event: 2231.652 Thread 0x000000001d032000 Exception <a 'sun/nio/fs/WindowsException'> (0x00000000e151f258) thrown at [D:\src\AOSP-openjdk-cygwin\jdk8u\hotspot\src\share\vm\prims\jni.cpp, line 709]
Event: 2231.670 Thread 0x000000001d032000 Exception <a 'sun/nio/fs/WindowsException'> (0x00000000e1538a50) thrown at [D:\src\AOSP-openjdk-cygwin\jdk8u\hotspot\src\share\vm\prims\jni.cpp, line 709]
Event: 2231.701 Thread 0x000000001d032000 Exception <a 'sun/nio/fs/WindowsException'> (0x00000000e1549c88) thrown at [D:\src\AOSP-openjdk-cygwin\jdk8u\hotspot\src\share\vm\prims\jni.cpp, line 709]
Event: 2231.719 Thread 0x000000001d032000 Exception <a 'sun/nio/fs/WindowsException'> (0x00000000e155f7f0) thrown at [D:\src\AOSP-openjdk-cygwin\jdk8u\hotspot\src\share\vm\prims\jni.cpp, line 709]
Event: 2231.735 Thread 0x000000001d032000 Exception <a 'sun/nio/fs/WindowsException'> (0x00000000e1576aa8) thrown at [D:\src\AOSP-openjdk-cygwin\jdk8u\hotspot\src\share\vm\prims\jni.cpp, line 709]
Event: 2232.086 Thread 0x000000001d032000 Exception <a 'sun/nio/fs/WindowsException'> (0x00000000e00a4578) thrown at [D:\src\AOSP-openjdk-cygwin\jdk8u\hotspot\src\share\vm\prims\jni.cpp, line 709]
Event: 2297.986 Thread 0x000000001bf5e800 Exception <a 'java/lang/InterruptedException'> (0x00000000e04eb590) thrown at [D:\src\AOSP-openjdk-cygwin\jdk8u\hotspot\src\share\vm\runtime\objectMonitor.cpp, line 1684]
Event: 2298.005 Thread 0x0000000018174800 Exception <a 'sun/nio/fs/WindowsException'> (0x00000000e05844b8) thrown at [D:\src\AOSP-openjdk-cygwin\jdk8u\hotspot\src\share\vm\prims\jni.cpp, line 709]
Event: 2450.467 Thread 0x000000001bf5e000 Exception <a 'java/lang/InterruptedException'> (0x00000000e4f662d0) thrown at [D:\src\AOSP-openjdk-cygwin\jdk8u\hotspot\src\share\vm\runtime\objectMonitor.cpp, line 1684]
Event: 2450.480 Thread 0x000000001bf5f800 Exception <a 'sun/nio/fs/WindowsException'> (0x00000000e5041208) thrown at [D:\src\AOSP-openjdk-cygwin\jdk8u\hotspot\src\share\vm\prims\jni.cpp, line 709]

Events (10 events):
Event: 2450.804 Thread 0x0000000015ff5000 flushing nmethod 0x000000000282ad50
Event: 2450.804 Executing VM operation: BulkRevokeBias
Event: 2450.805 Executing VM operation: BulkRevokeBias done
Event: 2450.805 Thread 0x0000000015ff5000 flushing nmethod 0x0000000002875390
Event: 2450.806 Executing VM operation: RevokeBias
Event: 2450.806 Executing VM operation: RevokeBias done
Event: 2450.806 Thread 0x000000001bf5e800 Thread exited: 0x000000001bf5e800
Event: 2450.815 Thread 0x0000000015ff5000 flushing nmethod 0x00000000028fb790
Event: 2450.815 Thread 0x0000000015ff5000 flushing nmethod 0x0000000002901150
Event: 2450.815 Thread 0x0000000015ff5000 flushing nmethod 0x0000000002939990


Dynamic libraries:
0x00007ff6fe580000 - 0x00007ff6fe5b1000 	C:\Program Files\Android\Android Studio\jre\jre\bin\java.exe
0x00007ff812940000 - 0x00007ff812b21000 	C:\WINDOWS\SYSTEM32\ntdll.dll
0x00007ff812590000 - 0x00007ff812642000 	C:\WINDOWS\System32\KERNEL32.DLL
0x00007ff80f5f0000 - 0x00007ff80f863000 	C:\WINDOWS\System32\KERNELBASE.dll
0x00007ff8100b0000 - 0x00007ff810151000 	C:\WINDOWS\System32\ADVAPI32.dll
0x00007ff810c80000 - 0x00007ff810d1e000 	C:\WINDOWS\System32\msvcrt.dll
0x00007ff812810000 - 0x00007ff81286b000 	C:\WINDOWS\System32\sechost.dll
0x00007ff812670000 - 0x00007ff812794000 	C:\WINDOWS\System32\RPCRT4.dll
0x00007ff80fdd0000 - 0x00007ff80ff60000 	C:\WINDOWS\System32\USER32.dll
0x00007ff80edb0000 - 0x00007ff80edd0000 	C:\WINDOWS\System32\win32u.dll
0x00007ff812870000 - 0x00007ff812898000 	C:\WINDOWS\System32\GDI32.dll
0x00007ff80fae0000 - 0x00007ff80fc72000 	C:\WINDOWS\System32\gdi32full.dll
0x00007ff80ed10000 - 0x00007ff80edaf000 	C:\WINDOWS\System32\msvcp_win.dll
0x00007ff80fcd0000 - 0x00007ff80fdca000 	C:\WINDOWS\System32\ucrtbase.dll
0x00007fffef610000 - 0x00007fffef879000 	C:\WINDOWS\WinSxS\amd64_microsoft.windows.common-controls_6595b64144ccf1df_6.0.17134.228_none_fb4599993062b194\COMCTL32.dll
0x00007ff810160000 - 0x00007ff810483000 	C:\WINDOWS\System32\combase.dll
0x00007ff80f870000 - 0x00007ff80f8ea000 	C:\WINDOWS\System32\bcryptPrimitives.dll
0x00007ff810c50000 - 0x00007ff810c7d000 	C:\WINDOWS\System32\IMM32.DLL
0x0000000071530000 - 0x0000000071602000 	C:\Program Files\Android\Android Studio\jre\jre\bin\msvcr100.dll
0x0000000070450000 - 0x0000000070c8f000 	C:\Program Files\Android\Android Studio\jre\jre\bin\server\jvm.dll
0x00007ff810940000 - 0x00007ff810948000 	C:\WINDOWS\System32\PSAPI.DLL
0x00007ff80db40000 - 0x00007ff80db49000 	C:\WINDOWS\SYSTEM32\WSOCK32.dll
0x00007ff8128a0000 - 0x00007ff81290c000 	C:\WINDOWS\System32\WS2_32.dll
0x00007fffff560000 - 0x00007fffff583000 	C:\WINDOWS\SYSTEM32\WINMM.dll
0x00007ff803f40000 - 0x00007ff803f4a000 	C:\WINDOWS\SYSTEM32\VERSION.dll
0x00007fffff530000 - 0x00007fffff55a000 	C:\WINDOWS\SYSTEM32\WINMMBASE.dll
0x00007ff80fc80000 - 0x00007ff80fcc9000 	C:\WINDOWS\System32\cfgmgr32.dll
0x00007ff805780000 - 0x00007ff80578f000 	C:\Program Files\Android\Android Studio\jre\jre\bin\verify.dll
0x00007ffffb800000 - 0x00007ffffb829000 	C:\Program Files\Android\Android Studio\jre\jre\bin\java.dll
0x00007ffffe740000 - 0x00007ffffe756000 	C:\Program Files\Android\Android Studio\jre\jre\bin\zip.dll
0x00007ff810d20000 - 0x00007ff812160000 	C:\WINDOWS\System32\SHELL32.dll
0x00007ff810ba0000 - 0x00007ff810c49000 	C:\WINDOWS\System32\shcore.dll
0x00007ff80edd0000 - 0x00007ff80f4dd000 	C:\WINDOWS\System32\windows.storage.dll
0x00007ff8127a0000 - 0x00007ff8127f1000 	C:\WINDOWS\System32\shlwapi.dll
0x00007ff80ec50000 - 0x00007ff80ec61000 	C:\WINDOWS\System32\kernel.appcore.dll
0x00007ff80ec90000 - 0x00007ff80ecaf000 	C:\WINDOWS\System32\profapi.dll
0x00007ff80ecc0000 - 0x00007ff80ed0c000 	C:\WINDOWS\System32\powrprof.dll
0x00007ff80ecb0000 - 0x00007ff80ecba000 	C:\WINDOWS\System32\FLTLIB.DLL
0x00007ff802e20000 - 0x00007ff802e2d000 	C:\Program Files\Android\Android Studio\jre\jre\bin\management.dll
0x00007ffffb8b0000 - 0x00007ffffb8ca000 	C:\Program Files\Android\Android Studio\jre\jre\bin\net.dll
0x00007ff80e470000 - 0x00007ff80e4d6000 	C:\WINDOWS\system32\mswsock.dll
0x00007ffff9c40000 - 0x00007ffff9c51000 	C:\Program Files\Android\Android Studio\jre\jre\bin\nio.dll
0x00007ff80e620000 - 0x00007ff80e637000 	C:\WINDOWS\SYSTEM32\CRYPTSP.dll
0x00007ff80e050000 - 0x00007ff80e083000 	C:\WINDOWS\system32\rsaenh.dll
0x00007ff80e750000 - 0x00007ff80e775000 	C:\WINDOWS\SYSTEM32\bcrypt.dll
0x00007ff80eb50000 - 0x00007ff80eb78000 	C:\WINDOWS\SYSTEM32\USERENV.dll
0x00007ff80e640000 - 0x00007ff80e64b000 	C:\WINDOWS\SYSTEM32\CRYPTBASE.dll
0x00007ff80e1f0000 - 0x00007ff80e228000 	C:\WINDOWS\SYSTEM32\IPHLPAPI.DLL
0x00007ff812800000 - 0x00007ff812808000 	C:\WINDOWS\System32\NSI.dll
0x00007ff8093c0000 - 0x00007ff8093d6000 	C:\WINDOWS\SYSTEM32\dhcpcsvc6.DLL
0x00007ff808c80000 - 0x00007ff808c9a000 	C:\WINDOWS\SYSTEM32\dhcpcsvc.DLL

VM Arguments:
jvm_args: -Djava.awt.headless=true -Djava.rmi.server.hostname=localhost -Xmx1536m -Dkotlin.environment.keepalive 
java_command: org.jetbrains.kotlin.daemon.KotlinCompileDaemon --daemon-runFilesPath C:\Users\anime\AppData\Local\kotlin\daemon --daemon-autoshutdownIdleSeconds=7200 --daemon-compilerClasspath C:\Users\anime\.gradle\caches\modules-2\files-2.1\org.jetbrains.kotlin\kotlin-compiler-embeddable\1.2.41\e439cfdc216b070ebd454da892447f5dca96a934\kotlin-compiler-embeddable-1.2.41.jar;C:\Users\anime\.gradle\caches\modules-2\files-2.1\org.jetbrains.kotlin\kotlin-stdlib\1.2.41\7e34f009642702250bccd9e5255866f408962a05\kotlin-stdlib-1.2.41.jar;C:\Users\anime\.gradle\caches\modules-2\files-2.1\org.jetbrains.kotlin\kotlin-script-runtime\1.2.41\e291b12913910c260ce878f9a76c84203cf710a1\kotlin-script-runtime-1.2.41.jar;C:\Users\anime\.gradle\caches\modules-2\files-2.1\org.jetbrains.kotlin\kotlin-reflect\1.2.41\e4d6728a4fa55dbfb510aeea25c072c7c51d94\kotlin-reflect-1.2.41.jar;C:\Program Files\Android\Android Studio\jre\lib\tools.jar
java_class_path (initial): C:\Users\anime\.gradle\caches\modules-2\files-2.1\org.jetbrains.kotlin\kotlin-compiler-embeddable\1.2.41\e439cfdc216b070ebd454da892447f5dca96a934\kotlin-compiler-embeddable-1.2.41.jar;C:\Users\anime\.gradle\caches\modules-2\files-2.1\org.jetbrains.kotlin\kotlin-stdlib\1.2.41\7e34f009642702250bccd9e5255866f408962a05\kotlin-stdlib-1.2.41.jar;C:\Users\anime\.gradle\caches\modules-2\files-2.1\org.jetbrains.kotlin\kotlin-script-runtime\1.2.41\e291b12913910c260ce878f9a76c84203cf710a1\kotlin-script-runtime-1.2.41.jar;C:\Users\anime\.gradle\caches\modules-2\files-2.1\org.jetbrains.kotlin\kotlin-reflect\1.2.41\e4d6728a4fa55dbfb510aeea25c072c7c51d94\kotlin-reflect-1.2.41.jar;C:\Program Files\Android\Android Studio\jre\lib\tools.jar
Launcher Type: SUN_STANDARD

Environment Variables:
PATH=C:\ProgramData\Oracle\Java\javapath;C:\Windows\system32;C:\Windows;C:\Windows\System32\Wbem;C:\Windows\System32\WindowsPowerShell\v1.0\;C:\xampp\php;C:\ProgramData\ComposerSetup\bin;C:\Program Files (x86)\NVIDIA Corporation\PhysX\Common;C:\WINDOWS\system32;C:\WINDOWS;C:\WINDOWS\System32\Wbem;C:\WINDOWS\System32\WindowsPowerShell\v1.0\;C:\Program Files\Microsoft SQL Server\Client SDK\ODBC\130\Tools\Binn\;C:\Program Files (x86)\Microsoft SQL Server\140\Tools\Binn\;C:\Program Files\Microsoft SQL Server\140\Tools\Binn\;C:\Program Files\Microsoft SQL Server\140\DTS\Binn\;C:\WINDOWS\system32\config\systemprofile\.dnx\bin;C:\Program Files\Microsoft DNX\Dnvm\;C:\Program Files\Microsoft SQL Server\130\Tools\Binn\;C:\Program Files\Microsoft SQL Server\120\Tools\Binn\;C:\Program Files\Microsoft SQL Server\Client SDK\ODBC\110\Tools\Binn\;C:\Program Files (x86)\Microsoft SQL Server\120\Tools\Binn\;C:\Program Files\Microsoft SQL Server\120\DTS\Binn\;C:\Program Files (x86)\Microsoft SQL Server\120\Tools\Binn\ManagementStudio\;C:\Program Files (x86)\Microsoft SQL Server\120\DTS\Binn\;C:\WINDOWS\System32\OpenSSH\;C:\Users\anime\AppData\Local\Microsoft\WindowsApps;C:\Users\anime\AppData\Local\GitHubDesktop\bin;C:\Users\anime\AppData\Roaming\Composer\vendor\bin;C:\Users\anime\AppData\Local\Google\Cloud SDK\google-cloud-sdk\bin;C:\Users\anime\AppData\Local\atom\bin;%USERPROFILE%\AppData\Local\Microsoft\WindowsApps;
USERNAME=anime
OS=Windows_NT
PROCESSOR_IDENTIFIER=Intel64 Family 6 Model 78 Stepping 3, GenuineIntel



---------------  S Y S T E M  ---------------

OS: Windows 10.0 , 64 bit Build 17134 (10.0.17134.1)

CPU:total 4 (initial active 4) (2 cores per cpu, 2 threads per core) family 6 model 78 stepping 3, cmov, cx8, fxsr, mmx, sse, sse2, sse3, ssse3, sse4.1, sse4.2, popcnt, avx, avx2, aes, clmul, erms, 3dnowpref, lzcnt, ht, tsc, tscinvbit, bmi1, bmi2, adx

Memory: 4k page, physical 8253820k(907968k free), swap 8253820k(15904k free)

vm_info: OpenJDK 64-Bit Server VM (25.152-b02) for windows-amd64 JRE (1.8.0_152-release-1024-b02), built by "builder" with MS VC++ 10.0 (VS2010)

time: Sat Sep 08 22:38:05 2018
elapsed time: 2450 seconds (0d 0h 40m 50s)

