#
# There is insufficient memory for the Java Runtime Environment to continue.
# Native memory allocation (malloc) failed to allocate 1350656 bytes for Chunk::new
# Possible reasons:
#   The system is out of physical RAM or swap space
#   In 32 bit mode, the process size limit was hit
# Possible solutions:
#   Reduce memory load on the system
#   Increase physical memory or swap space
#   Check if swap backing store is full
#   Use 64 bit Java on a 64 bit OS
#   Decrease Java heap size (-Xmx/-Xms)
#   Decrease number of Java threads
#   Decrease Java thread stack sizes (-Xss)
#   Set larger code cache with -XX:ReservedCodeCacheSize=
# This output file may be truncated or incomplete.
#
#  Out of Memory Error (allocation.cpp:390), pid=13328, tid=0x0000000000003bfc
#
# JRE version: OpenJDK Runtime Environment (8.0_152-b02) (build 1.8.0_152-release-1024-b02)
# Java VM: OpenJDK 64-Bit Server VM (25.152-b02 mixed mode windows-amd64 compressed oops)
# Failed to write core dump. Minidumps are not enabled by default on client versions of Windows
#

---------------  T H R E A D  ---------------

Current thread (0x0000000016eac000):  JavaThread "C2 CompilerThread1" daemon [_thread_in_native, id=15356, stack(0x0000000018610000,0x0000000018710000)]

Stack: [0x0000000018610000,0x0000000018710000]
[error occurred during error reporting (printing stack bounds), id 0xc0000005]

Native frames: (J=compiled Java code, j=interpreted, Vv=VM code, C=native code)


Current CompileTask:
C2:1327698 20095 %     4       com.android.tools.r8.ir.code.IRCode::computeLiveAtEntrySets @ 73 (588 bytes)


---------------  P R O C E S S  ---------------

Java Threads: ( => current thread )
  0x000000001b982000 JavaThread "stdout" daemon [_thread_in_native, id=10800, stack(0x0000000043450000,0x0000000043550000)]
  0x000000001d3e5000 JavaThread "stderr" daemon [_thread_in_native, id=7480, stack(0x0000000043350000,0x0000000043450000)]
  0x000000001d3e7800 JavaThread "stdout" daemon [_thread_in_native, id=6504, stack(0x0000000043250000,0x0000000043350000)]
  0x000000001d3e4800 JavaThread "stderr" daemon [_thread_in_native, id=4776, stack(0x0000000043150000,0x0000000043250000)]
  0x000000001d3e3800 JavaThread "stdout" daemon [_thread_in_native, id=7856, stack(0x0000000043050000,0x0000000043150000)]
  0x000000001d3e6800 JavaThread "stderr" daemon [_thread_in_native, id=644, stack(0x0000000042f50000,0x0000000043050000)]
  0x000000001d3e6000 JavaThread "stdout" daemon [_thread_in_native, id=9644, stack(0x0000000042e50000,0x0000000042f50000)]
  0x000000001d3db800 JavaThread "stderr" daemon [_thread_in_native, id=2700, stack(0x0000000042d50000,0x0000000042e50000)]
  0x000000001d3e2000 JavaThread "queued-resource-processor_32" daemon [_thread_blocked, id=9912, stack(0x0000000042c50000,0x0000000042d50000)]
  0x000000001d3e0800 JavaThread "queued-resource-processor_31" daemon [_thread_blocked, id=10180, stack(0x0000000042b50000,0x0000000042c50000)]
  0x000000001d3da800 JavaThread "queued-resource-processor_30" daemon [_thread_blocked, id=13468, stack(0x0000000042a50000,0x0000000042b50000)]
  0x000000001d3d9000 JavaThread "queued-resource-processor_29" daemon [_thread_blocked, id=13292, stack(0x0000000042950000,0x0000000042a50000)]
  0x000000001d3df000 JavaThread "ForkJoinPool.commonPool-worker-1" daemon [_thread_blocked, id=1416, stack(0x0000000042450000,0x0000000042550000)]
  0x000000001d3de800 JavaThread "ForkJoinPool.commonPool-worker-0" daemon [_thread_blocked, id=12956, stack(0x0000000042350000,0x0000000042450000)]
  0x000000001d3d8800 JavaThread "ForkJoinPool.commonPool-worker-3" daemon [_thread_blocked, id=14420, stack(0x0000000042250000,0x0000000042350000)]
  0x000000001d3dd800 JavaThread "Cache worker for Java compile cache (C:\Users\anime\Documents\GitHub\ChessTactics\.gradle\4.4\javaCompile)" [_thread_blocked, id=11996, stack(0x0000000042150000,0x0000000042250000)]
  0x000000001d3da000 JavaThread "RMI TCP Connection(11)-127.0.0.1" daemon [_thread_in_native, id=6672, stack(0x0000000042050000,0x0000000042150000)]
  0x000000001d3dd000 JavaThread "RMI RenewClean-[localhost:17563,org.jetbrains.kotlin.daemon.common.LoopbackNetworkInterface$ClientLoopbackSocketFactory@1f7e07e9]" daemon [_thread_blocked, id=772, stack(0x0000000041f50000,0x0000000042050000)]
  0x000000001e8be800 JavaThread "Task worker for ':' Thread 3" [_thread_blocked, id=10136, stack(0x0000000041e50000,0x0000000041f50000)]
  0x000000001e8bf000 JavaThread "Task worker for ':' Thread 2" [_thread_blocked, id=4668, stack(0x0000000041d50000,0x0000000041e50000)]
  0x000000001e8bd000 JavaThread "Task worker for ':'" [_thread_blocked, id=12916, stack(0x0000000041c50000,0x0000000041d50000)]
  0x000000001e8bd800 JavaThread "Cache worker for Build Output Cleanup Cache (C:\Users\anime\Documents\GitHub\ChessTactics\.gradle\buildOutputCleanup)" [_thread_blocked, id=6784, stack(0x0000000041b50000,0x0000000041c50000)]
  0x000000001e8ba000 JavaThread "Cache worker for task history cache (C:\Users\anime\Documents\GitHub\ChessTactics\.gradle\4.4\taskHistory)" [_thread_blocked, id=1760, stack(0x0000000041a50000,0x0000000041b50000)]
  0x000000001e8bc000 JavaThread "Cache worker for file content cache (C:\Users\anime\Documents\GitHub\ChessTactics\.gradle\4.4\fileContent)" [_thread_blocked, id=7220, stack(0x0000000041950000,0x0000000041a50000)]
  0x000000001e8c0000 JavaThread "build operations Thread 4" [_thread_blocked, id=14104, stack(0x0000000041850000,0x0000000041950000)]
  0x000000001e8c1000 JavaThread "build operations Thread 3" [_thread_blocked, id=12792, stack(0x0000000041750000,0x0000000041850000)]
  0x000000001e8bb800 JavaThread "build operations Thread 2" [_thread_blocked, id=9512, stack(0x0000000041650000,0x0000000041750000)]
  0x000000001e8b2800 JavaThread "build operations" [_thread_blocked, id=14592, stack(0x0000000041550000,0x0000000041650000)]
  0x000000001e8b9000 JavaThread "Cache worker for Artifact transforms cache (C:\Users\anime\.gradle\caches\transforms-1)" [_thread_blocked, id=11596, stack(0x0000000041450000,0x0000000041550000)]
  0x000000001e8b8800 JavaThread "Cache worker for file hash cache (C:\Users\anime\Documents\GitHub\ChessTactics\.gradle\4.4\fileHashes)" [_thread_blocked, id=8088, stack(0x0000000041350000,0x0000000041450000)]
  0x000000001e8b7800 JavaThread "Stdin handler" [_thread_blocked, id=14824, stack(0x0000000041250000,0x0000000041350000)]
  0x000000001e8b4000 JavaThread "Asynchronous log dispatcher for DefaultDaemonConnection: socket connection from /127.0.0.1:3759 to /127.0.0.1:3878" [_thread_blocked, id=11236, stack(0x0000000041150000,0x0000000041250000)]
  0x000000001e8b3000 JavaThread "Daemon worker Thread 3" [_thread_blocked, id=11528, stack(0x0000000041050000,0x0000000041150000)]
  0x000000001e8b7000 JavaThread "Cancel handler" [_thread_blocked, id=6948, stack(0x0000000040f50000,0x0000000041050000)]
  0x000000001e8b5800 JavaThread "Handler for socket connection from /127.0.0.1:3759 to /127.0.0.1:3878" [_thread_in_native, id=12484, stack(0x0000000040e50000,0x0000000040f50000)]
  0x000000001e8b4800 JavaThread "Daemon Thread 3" [_thread_blocked, id=11188, stack(0x0000000040d50000,0x0000000040e50000)]
  0x000000001e8b6000 JavaThread "RMI TCP Connection(10)-127.0.0.1" daemon [_thread_in_native, id=8548, stack(0x0000000040c50000,0x0000000040d50000)]
  0x000000001b98e000 JavaThread "RMI Reaper" [_thread_blocked, id=9316, stack(0x00000000260b0000,0x00000000261b0000)]
  0x000000001b982800 JavaThread "RMI TCP Accept-0" daemon [_thread_in_native, id=11380, stack(0x0000000025fb0000,0x00000000260b0000)]
  0x000000001b989800 JavaThread "GC Daemon" daemon [_thread_blocked, id=10460, stack(0x0000000025eb0000,0x0000000025fb0000)]
  0x000000001b983800 JavaThread "RMI Scheduler(0)" daemon [_thread_blocked, id=11388, stack(0x0000000025cb0000,0x0000000025db0000)]
  0x000000001957f000 JavaThread "Memory manager" [_thread_blocked, id=12272, stack(0x0000000021560000,0x0000000021660000)]
  0x00000000194a9800 JavaThread "File lock request listener" [_thread_in_native, id=4632, stack(0x000000001c950000,0x000000001ca50000)]
  0x0000000019ae7000 JavaThread "Cache worker for file hash cache (C:\Users\anime\.gradle\caches\4.4\fileHashes)" [_thread_blocked, id=2876, stack(0x000000001b880000,0x000000001b980000)]
  0x0000000019a4e800 JavaThread "Daemon periodic checks" [_thread_blocked, id=11912, stack(0x000000001ad80000,0x000000001ae80000)]
  0x0000000019a4d800 JavaThread "Incoming local TCP Connector on port 3759" [_thread_in_native, id=14972, stack(0x000000001ab20000,0x000000001ac20000)]
  0x0000000018836000 JavaThread "Service Thread" daemon [_thread_blocked, id=12628, stack(0x0000000018c10000,0x0000000018d10000)]
  0x0000000016ec2800 JavaThread "C1 CompilerThread2" daemon [_thread_blocked, id=13220, stack(0x0000000018710000,0x0000000018810000)]
=>0x0000000016eac000 JavaThread "C2 CompilerThread1" daemon [_thread_in_native, id=15356, stack(0x0000000018610000,0x0000000018710000)]
  0x0000000016ea9800 JavaThread "C2 CompilerThread0" daemon [_thread_in_native, id=12200, stack(0x0000000018510000,0x0000000018610000)]
  0x0000000016eb6000 JavaThread "Attach Listener" daemon [_thread_blocked, id=448, stack(0x0000000018410000,0x0000000018510000)]
  0x0000000016eb5000 JavaThread "Signal Dispatcher" daemon [_thread_blocked, id=10908, stack(0x0000000018310000,0x0000000018410000)]
  0x000000000353c800 JavaThread "Finalizer" daemon [_thread_blocked, id=13408, stack(0x0000000018100000,0x0000000018200000)]
  0x0000000003531800 JavaThread "Reference Handler" daemon [_thread_blocked, id=13640, stack(0x0000000018000000,0x0000000018100000)]
  0x000000000324e000 JavaThread "main" [_thread_blocked, id=1640, stack(0x0000000003340000,0x0000000003440000)]

Other Threads:
  0x0000000016e75000 VMThread [stack: 0x0000000017f00000,0x0000000018000000] [id=10364]
  0x0000000018837800 WatcherThread [stack: 0x0000000018d10000,0x0000000018e10000] [id=6316]

VM state:not at safepoint (normal execution)

VM Mutex/Monitor currently owned by a thread: None

Heap:
 PSYoungGen      total 504832K, used 458627K [0x00000000e0000000, 0x00000000ffe00000, 0x0000000100000000)
  eden space 488448K, 92% used [0x00000000e0000000,0x00000000fb82e7f0,0x00000000fdd00000)
  from space 16384K, 48% used [0x00000000fdd00000,0x00000000fe4b2458,0x00000000fed00000)
  to   space 15872K, 0% used [0x00000000fee80000,0x00000000fee80000,0x00000000ffe00000)
 ParOldGen       total 135168K, used 63094K [0x00000000a0000000, 0x00000000a8400000, 0x00000000e0000000)
  object space 135168K, 46% used [0x00000000a0000000,0x00000000a3d9dba0,0x00000000a8400000)
 Metaspace       used 89241K, capacity 93413K, committed 93696K, reserved 1130496K
  class space    used 11444K, capacity 12223K, committed 12288K, reserved 1048576K

Card table byte_map: [0x0000000012900000,0x0000000012c10000] byte_map_base: 0x0000000012400000

Marking Bits: (ParMarkBitMap*) 0x0000000070c14970
 Begin Bits: [0x0000000013210000, 0x0000000014a10000)
 End Bits:   [0x0000000014a10000, 0x0000000016210000)

Polling page: 0x0000000001a60000

CodeCache: size=245760Kb used=51440Kb max_used=51440Kb free=194319Kb
 bounds [0x0000000003540000, 0x00000000067d0000, 0x0000000012540000]
 total_blobs=16833 nmethods=15954 adapters=789
 compilation: enabled

Compilation events (10 events):
Event: 1327.207 Thread 0x0000000016ec2800 20127       3       org.gradle.api.tasks.util.PatternSet::intersect (28 bytes)
Event: 1327.207 Thread 0x0000000016ec2800 nmethod 20127 0x000000000390c550 code [0x000000000390c6e0, 0x000000000390cb48]
Event: 1327.207 Thread 0x0000000016ec2800 20128       3       org.gradle.api.tasks.util.PatternSet::copyFrom (9 bytes)
Event: 1327.207 Thread 0x0000000016ec2800 nmethod 20128 0x0000000004351850 code [0x00000000043519c0, 0x0000000004351ca8]
Event: 1327.208 Thread 0x0000000016ec2800 20129       3       org.gradle.api.tasks.util.PatternSet::doCopyFrom (218 bytes)
Event: 1327.209 Thread 0x0000000016ec2800 nmethod 20129 0x0000000003909710 code [0x0000000003909a60, 0x000000000390b778]
Event: 1327.214 Thread 0x0000000016ec2800 20130   !   3       sun.reflect.GeneratedMethodAccessor42::invoke (61 bytes)
Event: 1327.215 Thread 0x0000000016ec2800 nmethod 20130 0x00000000067c5310 code [0x00000000067c5500, 0x00000000067c5b98]
Event: 1327.234 Thread 0x0000000016ec2800 20131       3       com.google.gson.internal.$Gson$Types::checkNotPrimitive (26 bytes)
Event: 1327.235 Thread 0x0000000016ec2800 nmethod 20131 0x00000000067c5f50 code [0x00000000067c60e0, 0x00000000067c6678]

GC Heap History (10 events):
Event: 106.552 GC heap before
{Heap before GC invocations=34 (full 3):
 PSYoungGen      total 504832K, used 490628K [0x00000000e0000000, 0x00000000fff00000, 0x0000000100000000)
  eden space 486400K, 100% used [0x00000000e0000000,0x00000000fdb00000,0x00000000fdb00000)
  from space 18432K, 22% used [0x00000000fed00000,0x00000000ff1213e0,0x00000000fff00000)
  to   space 18432K, 0% used [0x00000000fdb00000,0x00000000fdb00000,0x00000000fed00000)
 ParOldGen       total 135168K, used 62170K [0x00000000a0000000, 0x00000000a8400000, 0x00000000e0000000)
  object space 135168K, 45% used [0x00000000a0000000,0x00000000a3cb6b20,0x00000000a8400000)
 Metaspace       used 82028K, capacity 85408K, committed 85760K, reserved 1124352K
  class space    used 10804K, capacity 11431K, committed 11520K, reserved 1048576K
Event: 106.565 GC heap after
Heap after GC invocations=34 (full 3):
 PSYoungGen      total 504832K, used 3334K [0x00000000e0000000, 0x0000000100000000, 0x0000000100000000)
  eden space 486400K, 0% used [0x00000000e0000000,0x00000000e0000000,0x00000000fdb00000)
  from space 18432K, 18% used [0x00000000fdb00000,0x00000000fde419f8,0x00000000fed00000)
  to   space 18432K, 0% used [0x00000000fee00000,0x00000000fee00000,0x0000000100000000)
 ParOldGen       total 135168K, used 62186K [0x00000000a0000000, 0x00000000a8400000, 0x00000000e0000000)
  object space 135168K, 46% used [0x00000000a0000000,0x00000000a3cbab20,0x00000000a8400000)
 Metaspace       used 82028K, capacity 85408K, committed 85760K, reserved 1124352K
  class space    used 10804K, capacity 11431K, committed 11520K, reserved 1048576K
}
Event: 110.038 GC heap before
{Heap before GC invocations=35 (full 3):
 PSYoungGen      total 504832K, used 489734K [0x00000000e0000000, 0x0000000100000000, 0x0000000100000000)
  eden space 486400K, 100% used [0x00000000e0000000,0x00000000fdb00000,0x00000000fdb00000)
  from space 18432K, 18% used [0x00000000fdb00000,0x00000000fde419f8,0x00000000fed00000)
  to   space 18432K, 0% used [0x00000000fee00000,0x00000000fee00000,0x0000000100000000)
 ParOldGen       total 135168K, used 62186K [0x00000000a0000000, 0x00000000a8400000, 0x00000000e0000000)
  object space 135168K, 46% used [0x00000000a0000000,0x00000000a3cbab20,0x00000000a8400000)
 Metaspace       used 82275K, capacity 85714K, committed 86016K, reserved 1124352K
  class space    used 10816K, capacity 11440K, committed 11520K, reserved 1048576K
Event: 110.043 GC heap after
Heap after GC invocations=35 (full 3):
 PSYoungGen      total 505856K, used 800K [0x00000000e0000000, 0x0000000100000000, 0x0000000100000000)
  eden space 487424K, 0% used [0x00000000e0000000,0x00000000e0000000,0x00000000fdc00000)
  from space 18432K, 4% used [0x00000000fee00000,0x00000000feec8000,0x0000000100000000)
  to   space 18432K, 0% used [0x00000000fdc00000,0x00000000fdc00000,0x00000000fee00000)
 ParOldGen       total 135168K, used 62194K [0x00000000a0000000, 0x00000000a8400000, 0x00000000e0000000)
  object space 135168K, 46% used [0x00000000a0000000,0x00000000a3cbcb20,0x00000000a8400000)
 Metaspace       used 82275K, capacity 85714K, committed 86016K, reserved 1124352K
  class space    used 10816K, capacity 11440K, committed 11520K, reserved 1048576K
}
Event: 120.847 GC heap before
{Heap before GC invocations=36 (full 3):
 PSYoungGen      total 505856K, used 487355K [0x00000000e0000000, 0x0000000100000000, 0x0000000100000000)
  eden space 487424K, 99% used [0x00000000e0000000,0x00000000fdb26c48,0x00000000fdc00000)
  from space 18432K, 4% used [0x00000000fee00000,0x00000000feec8000,0x0000000100000000)
  to   space 18432K, 0% used [0x00000000fdc00000,0x00000000fdc00000,0x00000000fee00000)
 ParOldGen       total 135168K, used 62194K [0x00000000a0000000, 0x00000000a8400000, 0x00000000e0000000)
  object space 135168K, 46% used [0x00000000a0000000,0x00000000a3cbcb20,0x00000000a8400000)
 Metaspace       used 83401K, capacity 86930K, committed 87168K, reserved 1124352K
  class space    used 10944K, capacity 11608K, committed 11648K, reserved 1048576K
Event: 120.863 GC heap after
Heap after GC invocations=36 (full 3):
 PSYoungGen      total 493568K, used 6125K [0x00000000e0000000, 0x00000000ffe00000, 0x0000000100000000)
  eden space 487424K, 0% used [0x00000000e0000000,0x00000000e0000000,0x00000000fdc00000)
  from space 6144K, 99% used [0x00000000fdc00000,0x00000000fe1fb7c8,0x00000000fe200000)
  to   space 17408K, 0% used [0x00000000fed00000,0x00000000fed00000,0x00000000ffe00000)
 ParOldGen       total 135168K, used 62538K [0x00000000a0000000, 0x00000000a8400000, 0x00000000e0000000)
  object space 135168K, 46% used [0x00000000a0000000,0x00000000a3d12b50,0x00000000a8400000)
 Metaspace       used 83401K, capacity 86930K, committed 87168K, reserved 1124352K
  class space    used 10944K, capacity 11608K, committed 11648K, reserved 1048576K
}
Event: 282.388 GC heap before
{Heap before GC invocations=37 (full 3):
 PSYoungGen      total 493568K, used 493549K [0x00000000e0000000, 0x00000000ffe00000, 0x0000000100000000)
  eden space 487424K, 100% used [0x00000000e0000000,0x00000000fdc00000,0x00000000fdc00000)
  from space 6144K, 99% used [0x00000000fdc00000,0x00000000fe1fb7c8,0x00000000fe200000)
  to   space 17408K, 0% used [0x00000000fed00000,0x00000000fed00000,0x00000000ffe00000)
 ParOldGen       total 135168K, used 62538K [0x00000000a0000000, 0x00000000a8400000, 0x00000000e0000000)
  object space 135168K, 46% used [0x00000000a0000000,0x00000000a3d12b50,0x00000000a8400000)
 Metaspace       used 87139K, capacity 90842K, committed 90880K, reserved 1128448K
  class space    used 11299K, capacity 12030K, committed 12032K, reserved 1048576K
Event: 282.405 GC heap after
Heap after GC invocations=37 (full 3):
 PSYoungGen      total 505856K, used 7224K [0x00000000e0000000, 0x0000000100000000, 0x0000000100000000)
  eden space 488448K, 0% used [0x00000000e0000000,0x00000000e0000000,0x00000000fdd00000)
  from space 17408K, 41% used [0x00000000fed00000,0x00000000ff40e3b0,0x00000000ffe00000)
  to   space 16384K, 0% used [0x00000000fdd00000,0x00000000fdd00000,0x00000000fed00000)
 ParOldGen       total 135168K, used 63086K [0x00000000a0000000, 0x00000000a8400000, 0x00000000e0000000)
  object space 135168K, 46% used [0x00000000a0000000,0x00000000a3d9bba0,0x00000000a8400000)
 Metaspace       used 87139K, capacity 90842K, committed 90880K, reserved 1128448K
  class space    used 11299K, capacity 12030K, committed 12032K, reserved 1048576K
}
Event: 295.106 GC heap before
{Heap before GC invocations=38 (full 3):
 PSYoungGen      total 505856K, used 495672K [0x00000000e0000000, 0x0000000100000000, 0x0000000100000000)
  eden space 488448K, 100% used [0x00000000e0000000,0x00000000fdd00000,0x00000000fdd00000)
  from space 17408K, 41% used [0x00000000fed00000,0x00000000ff40e3b0,0x00000000ffe00000)
  to   space 16384K, 0% used [0x00000000fdd00000,0x00000000fdd00000,0x00000000fed00000)
 ParOldGen       total 135168K, used 63086K [0x00000000a0000000, 0x00000000a8400000, 0x00000000e0000000)
  object space 135168K, 46% used [0x00000000a0000000,0x00000000a3d9bba0,0x00000000a8400000)
 Metaspace       used 88048K, capacity 91841K, committed 92032K, reserved 1128448K
  class space    used 11353K, capacity 12081K, committed 12160K, reserved 1048576K
Event: 295.127 GC heap after
Heap after GC invocations=38 (full 3):
 PSYoungGen      total 504832K, used 7881K [0x00000000e0000000, 0x00000000ffe00000, 0x0000000100000000)
  eden space 488448K, 0% used [0x00000000e0000000,0x00000000e0000000,0x00000000fdd00000)
  from space 16384K, 48% used [0x00000000fdd00000,0x00000000fe4b2458,0x00000000fed00000)
  to   space 15872K, 0% used [0x00000000fee80000,0x00000000fee80000,0x00000000ffe00000)
 ParOldGen       total 135168K, used 63094K [0x00000000a0000000, 0x00000000a8400000, 0x00000000e0000000)
  object space 135168K, 46% used [0x00000000a0000000,0x00000000a3d9dba0,0x00000000a8400000)
 Metaspace       used 88048K, capacity 91841K, committed 92032K, reserved 1128448K
  class space    used 11353K, capacity 12081K, committed 12160K, reserved 1048576K
}

Deoptimization events (10 events):
Event: 1324.975 Thread 0x000000001d3da000 Uncommon trap: reason=bimorphic action=maybe_recompile pc=0x00000000047142a0 method=java.util.Hashtable.get(Ljava/lang/Object;)Ljava/lang/Object; @ 45
Event: 1325.901 Thread 0x000000001e8bf000 Uncommon trap: reason=unstable_if action=reinterpret pc=0x00000000052ebc48 method=org.gradle.api.internal.tasks.compile.incremental.asm.ClassDependenciesVisitor.maybeAddDependentType(Ljava/lang/String;)V @ 4
Event: 1325.901 Thread 0x000000001e8bf000 Uncommon trap: reason=unstable_if action=reinterpret pc=0x00000000052509c0 method=org.gradle.api.internal.tasks.compile.incremental.asm.ClassDependenciesVisitor.visitMethod(ILjava/lang/String;Ljava/lang/String;Ljava/lang/String;[Ljava/lang/String;)Lorg/ob
Event: 1325.966 Thread 0x000000001e8bd000 Uncommon trap: reason=class_check action=maybe_recompile pc=0x00000000043e0340 method=java.lang.AbstractStringBuilder.append(Ljava/lang/CharSequence;)Ljava/lang/AbstractStringBuilder; @ 26
Event: 1325.966 Thread 0x000000001e8bd000 Uncommon trap: reason=class_check action=maybe_recompile pc=0x000000000426176c method=java.lang.AbstractStringBuilder.append(Ljava/lang/CharSequence;II)Ljava/lang/AbstractStringBuilder; @ 18
Event: 1325.967 Thread 0x000000001e8bd000 Uncommon trap: reason=class_check action=maybe_recompile pc=0x00000000043e0340 method=java.lang.AbstractStringBuilder.append(Ljava/lang/CharSequence;)Ljava/lang/AbstractStringBuilder; @ 26
Event: 1325.967 Thread 0x000000001e8bd000 Uncommon trap: reason=class_check action=maybe_recompile pc=0x000000000426176c method=java.lang.AbstractStringBuilder.append(Ljava/lang/CharSequence;II)Ljava/lang/AbstractStringBuilder; @ 18
Event: 1326.028 Thread 0x000000001e8bf000 Uncommon trap: reason=unstable_if action=reinterpret pc=0x000000000435a430 method=org.objectweb.asm.ClassReader.a(II[C)Ljava/lang/String; @ 98
Event: 1327.220 Thread 0x000000001e8bf000 Uncommon trap: reason=class_check action=maybe_recompile pc=0x0000000005fcddc0 method=java.util.stream.MatchOps$MatchOp.evaluateSequential(Ljava/util/stream/PipelineHelper;Ljava/util/Spliterator;)Ljava/lang/Boolean; @ 14
Event: 1327.220 Thread 0x000000001e8bf000 Uncommon trap: reason=bimorphic action=maybe_recompile pc=0x0000000004bb399c method=java.util.stream.AbstractPipeline.copyIntoWithCancel(Ljava/util/stream/Sink;Ljava/util/Spliterator;)V @ 24

Classes redefined (0 events):
No events

Internal exceptions (10 events):
Event: 294.748 Thread 0x000000001d3da800 Exception <a 'sun/nio/fs/WindowsException'> (0x00000000fd233628) thrown at [D:\src\AOSP-openjdk-cygwin\jdk8u\hotspot\src\share\vm\prims\jni.cpp, line 709]
Event: 294.935 Thread 0x000000001d3d8800 Exception <a 'sun/nio/fs/WindowsException'> (0x00000000fd36a648) thrown at [D:\src\AOSP-openjdk-cygwin\jdk8u\hotspot\src\share\vm\prims\jni.cpp, line 709]
Event: 295.025 Thread 0x000000001d3e6000 Exception <a 'sun/nio/fs/WindowsException'> (0x00000000fdc2be20) thrown at [D:\src\AOSP-openjdk-cygwin\jdk8u\hotspot\src\share\vm\prims\jni.cpp, line 709]
Event: 1323.710 Thread 0x000000001e8b3000 Exception <a 'sun/nio/fs/WindowsException'> (0x00000000f6046b48) thrown at [D:\src\AOSP-openjdk-cygwin\jdk8u\hotspot\src\share\vm\prims\jni.cpp, line 709]
Event: 1324.768 Thread 0x000000001d3dd000 Exception <a 'java/lang/InterruptedException'> (0x00000000f85856b8) thrown at [D:\src\AOSP-openjdk-cygwin\jdk8u\hotspot\src\share\vm\runtime\objectMonitor.cpp, line 1684]
Event: 1326.773 Thread 0x000000001d3df000 Exception <a 'sun/nio/fs/WindowsException'> (0x00000000fa42b790) thrown at [D:\src\AOSP-openjdk-cygwin\jdk8u\hotspot\src\share\vm\prims\jni.cpp, line 709]
Event: 1326.798 Thread 0x000000001d3d9000 Exception <a 'sun/nio/fs/WindowsException'> (0x00000000fa7c1758) thrown at [D:\src\AOSP-openjdk-cygwin\jdk8u\hotspot\src\share\vm\prims\jni.cpp, line 709]
Event: 1326.798 Thread 0x000000001d3da800 Exception <a 'sun/nio/fs/WindowsException'> (0x00000000fa8b9b60) thrown at [D:\src\AOSP-openjdk-cygwin\jdk8u\hotspot\src\share\vm\prims\jni.cpp, line 709]
Event: 1327.178 Thread 0x000000001d3df000 Exception <a 'sun/nio/fs/WindowsException'> (0x00000000fa925c78) thrown at [D:\src\AOSP-openjdk-cygwin\jdk8u\hotspot\src\share\vm\prims\jni.cpp, line 709]
Event: 1327.192 Thread 0x000000001d3d9000 Exception <a 'sun/nio/fs/WindowsException'> (0x00000000fb0fd400) thrown at [D:\src\AOSP-openjdk-cygwin\jdk8u\hotspot\src\share\vm\prims\jni.cpp, line 709]

Events (10 events):
Event: 1327.243 Thread 0x000000001d3db800 Thread added: 0x000000001d3db800
Event: 1327.244 Thread 0x000000001d3e6000 Thread added: 0x000000001d3e6000
Event: 1327.245 Thread 0x000000001d3e6800 Thread added: 0x000000001d3e6800
Event: 1327.245 Thread 0x000000001d3e3800 Thread added: 0x000000001d3e3800
Event: 1327.246 Thread 0x000000001d3e4800 Thread added: 0x000000001d3e4800
Event: 1327.246 Thread 0x000000001d3e7800 Thread added: 0x000000001d3e7800
Event: 1327.247 Thread 0x000000001d3e5000 Thread added: 0x000000001d3e5000
Event: 1327.247 Thread 0x000000001b982000 Thread added: 0x000000001b982000
Event: 1327.337 Executing VM operation: RevokeBias
Event: 1327.337 Executing VM operation: RevokeBias done


Dynamic libraries:
0x00007ff78bff0000 - 0x00007ff78c021000 	C:\Program Files\Android\Android Studio\jre\bin\java.exe
0x00007ff812940000 - 0x00007ff812b21000 	C:\WINDOWS\SYSTEM32\ntdll.dll
0x00007ff812590000 - 0x00007ff812642000 	C:\WINDOWS\System32\KERNEL32.DLL
0x00007ff80f5f0000 - 0x00007ff80f863000 	C:\WINDOWS\System32\KERNELBASE.dll
0x00007ff8100b0000 - 0x00007ff810151000 	C:\WINDOWS\System32\ADVAPI32.dll
0x00007ff810c80000 - 0x00007ff810d1e000 	C:\WINDOWS\System32\msvcrt.dll
0x00007ff812810000 - 0x00007ff81286b000 	C:\WINDOWS\System32\sechost.dll
0x00007ff812670000 - 0x00007ff812794000 	C:\WINDOWS\System32\RPCRT4.dll
0x00007ff80fdd0000 - 0x00007ff80ff60000 	C:\WINDOWS\System32\USER32.dll
0x00007ff80edb0000 - 0x00007ff80edd0000 	C:\WINDOWS\System32\win32u.dll
0x00007ff812870000 - 0x00007ff812898000 	C:\WINDOWS\System32\GDI32.dll
0x00007ff80fae0000 - 0x00007ff80fc72000 	C:\WINDOWS\System32\gdi32full.dll
0x00007ff80ed10000 - 0x00007ff80edaf000 	C:\WINDOWS\System32\msvcp_win.dll
0x00007ff80fcd0000 - 0x00007ff80fdca000 	C:\WINDOWS\System32\ucrtbase.dll
0x00007fffef610000 - 0x00007fffef879000 	C:\WINDOWS\WinSxS\amd64_microsoft.windows.common-controls_6595b64144ccf1df_6.0.17134.228_none_fb4599993062b194\COMCTL32.dll
0x00007ff810160000 - 0x00007ff810483000 	C:\WINDOWS\System32\combase.dll
0x00007ff80f870000 - 0x00007ff80f8ea000 	C:\WINDOWS\System32\bcryptPrimitives.dll
0x00007ff810c50000 - 0x00007ff810c7d000 	C:\WINDOWS\System32\IMM32.DLL
0x0000000071530000 - 0x0000000071602000 	C:\Program Files\Android\Android Studio\jre\jre\bin\msvcr100.dll
0x0000000070450000 - 0x0000000070c8f000 	C:\Program Files\Android\Android Studio\jre\jre\bin\server\jvm.dll
0x00007ff810940000 - 0x00007ff810948000 	C:\WINDOWS\System32\PSAPI.DLL
0x00007ff80db40000 - 0x00007ff80db49000 	C:\WINDOWS\SYSTEM32\WSOCK32.dll
0x00007fffff560000 - 0x00007fffff583000 	C:\WINDOWS\SYSTEM32\WINMM.dll
0x00007ff803f40000 - 0x00007ff803f4a000 	C:\WINDOWS\SYSTEM32\VERSION.dll
0x00007fffff530000 - 0x00007fffff55a000 	C:\WINDOWS\SYSTEM32\winmmbase.dll
0x00007ff80fc80000 - 0x00007ff80fcc9000 	C:\WINDOWS\System32\cfgmgr32.dll
0x00007ff8128a0000 - 0x00007ff81290c000 	C:\WINDOWS\System32\WS2_32.dll
0x00007ff805780000 - 0x00007ff80578f000 	C:\Program Files\Android\Android Studio\jre\jre\bin\verify.dll
0x00007ffffb800000 - 0x00007ffffb829000 	C:\Program Files\Android\Android Studio\jre\jre\bin\java.dll
0x00007ffffe740000 - 0x00007ffffe756000 	C:\Program Files\Android\Android Studio\jre\jre\bin\zip.dll
0x00007ff810d20000 - 0x00007ff812160000 	C:\WINDOWS\System32\SHELL32.dll
0x00007ff810ba0000 - 0x00007ff810c49000 	C:\WINDOWS\System32\shcore.dll
0x00007ff80edd0000 - 0x00007ff80f4dd000 	C:\WINDOWS\System32\windows.storage.dll
0x00007ff8127a0000 - 0x00007ff8127f1000 	C:\WINDOWS\System32\shlwapi.dll
0x00007ff80ec50000 - 0x00007ff80ec61000 	C:\WINDOWS\System32\kernel.appcore.dll
0x00007ff80ec90000 - 0x00007ff80ecaf000 	C:\WINDOWS\System32\profapi.dll
0x00007ff80ecc0000 - 0x00007ff80ed0c000 	C:\WINDOWS\System32\powrprof.dll
0x00007ff80ecb0000 - 0x00007ff80ecba000 	C:\WINDOWS\System32\FLTLIB.DLL
0x00007ffffb8b0000 - 0x00007ffffb8ca000 	C:\Program Files\Android\Android Studio\jre\jre\bin\net.dll
0x00007ff80e470000 - 0x00007ff80e4d6000 	C:\WINDOWS\system32\mswsock.dll
0x00007ffff9c40000 - 0x00007ffff9c51000 	C:\Program Files\Android\Android Studio\jre\jre\bin\nio.dll
0x00007ffffb7b0000 - 0x00007ffffb7ce000 	C:\Users\anime\.gradle\native\25\windows-amd64\native-platform.dll
0x00007ff802e20000 - 0x00007ff802e2d000 	C:\Program Files\Android\Android Studio\jre\jre\bin\management.dll
0x00007ff80e620000 - 0x00007ff80e637000 	C:\WINDOWS\SYSTEM32\CRYPTSP.dll
0x00007ff80e050000 - 0x00007ff80e083000 	C:\WINDOWS\system32\rsaenh.dll
0x00007ff80e750000 - 0x00007ff80e775000 	C:\WINDOWS\SYSTEM32\bcrypt.dll
0x00007ff80eb50000 - 0x00007ff80eb78000 	C:\WINDOWS\SYSTEM32\USERENV.dll
0x00007ff80e640000 - 0x00007ff80e64b000 	C:\WINDOWS\SYSTEM32\CRYPTBASE.dll
0x00007ff80e1f0000 - 0x00007ff80e228000 	C:\WINDOWS\SYSTEM32\IPHLPAPI.DLL
0x00007ff812800000 - 0x00007ff812808000 	C:\WINDOWS\System32\NSI.dll
0x00007ff8093c0000 - 0x00007ff8093d6000 	C:\WINDOWS\SYSTEM32\dhcpcsvc6.DLL
0x00007ff808c80000 - 0x00007ff808c9a000 	C:\WINDOWS\SYSTEM32\dhcpcsvc.DLL
0x00007ff8057c0000 - 0x00007ff8057de000 	C:\Users\anime\AppData\Local\Temp\native-platform8908975186746991625dir\native-platform.dll

VM Arguments:
jvm_args: -Xmx1536m -Dfile.encoding=windows-1252 -Duser.country=ES -Duser.language=es -Duser.variant 
java_command: org.gradle.launcher.daemon.bootstrap.GradleDaemon 4.4
java_class_path (initial): C:\Users\anime\.gradle\wrapper\dists\gradle-4.4-all\9br9xq1tocpiv8o6njlyu5op1\gradle-4.4\lib\gradle-launcher-4.4.jar
Launcher Type: SUN_STANDARD

Environment Variables:
PATH=C:\ProgramData\Oracle\Java\javapath;C:\Windows\system32;C:\Windows;C:\Windows\System32\Wbem;C:\Windows\System32\WindowsPowerShell\v1.0\;C:\xampp\php;C:\ProgramData\ComposerSetup\bin;C:\Program Files (x86)\NVIDIA Corporation\PhysX\Common;C:\WINDOWS\system32;C:\WINDOWS;C:\WINDOWS\System32\Wbem;C:\WINDOWS\System32\WindowsPowerShell\v1.0\;C:\Program Files\Microsoft SQL Server\Client SDK\ODBC\130\Tools\Binn\;C:\Program Files (x86)\Microsoft SQL Server\140\Tools\Binn\;C:\Program Files\Microsoft SQL Server\140\Tools\Binn\;C:\Program Files\Microsoft SQL Server\140\DTS\Binn\;C:\WINDOWS\system32\config\systemprofile\.dnx\bin;C:\Program Files\Microsoft DNX\Dnvm\;C:\Program Files\Microsoft SQL Server\130\Tools\Binn\;C:\Program Files\Microsoft SQL Server\120\Tools\Binn\;C:\Program Files\Microsoft SQL Server\Client SDK\ODBC\110\Tools\Binn\;C:\Program Files (x86)\Microsoft SQL Server\120\Tools\Binn\;C:\Program Files\Microsoft SQL Server\120\DTS\Binn\;C:\Program Files (x86)\Microsoft SQL Server\120\Tools\Binn\ManagementStudio\;C:\Program Files (x86)\Microsoft SQL Server\120\DTS\Binn\;C:\WINDOWS\System32\OpenSSH\;C:\Users\anime\AppData\Local\Microsoft\WindowsApps;C:\Users\anime\AppData\Local\GitHubDesktop\bin;C:\Users\anime\AppData\Roaming\Composer\vendor\bin;C:\Users\anime\AppData\Local\Google\Cloud SDK\google-cloud-sdk\bin;C:\Users\anime\AppData\Local\atom\bin;%USERPROFILE%\AppData\Local\Microsoft\WindowsApps;
USERNAME=anime
OS=Windows_NT
PROCESSOR_IDENTIFIER=Intel64 Family 6 Model 78 Stepping 3, GenuineIntel



---------------  S Y S T E M  ---------------

OS: Windows 10.0 , 64 bit Build 17134 (10.0.17134.1)

CPU:total 4 (initial active 4) (2 cores per cpu, 2 threads per core) family 6 model 78 stepping 3, cmov, cx8, fxsr, mmx, sse, sse2, sse3, ssse3, sse4.1, sse4.2, popcnt, avx, avx2, aes, clmul, erms, 3dnowpref, lzcnt, ht, tsc, tscinvbit, bmi1, bmi2, adx

Memory: 4k page, physical 8253820k(1061400k free), swap 8253820k(6356k free)

vm_info: OpenJDK 64-Bit Server VM (25.152-b02) for windows-amd64 JRE (1.8.0_152-release-1024-b02), built by "builder" with MS VC++ 10.0 (VS2010)

time: Sat Sep 08 18:32:43 2018
elapsed time: 1327 seconds (0d 0h 22m 7s)

