#
# There is insufficient memory for the Java Runtime Environment to continue.
# Native memory allocation (malloc) failed to allocate 1096976 bytes for Chunk::new
# Possible reasons:
#   The system is out of physical RAM or swap space
#   In 32 bit mode, the process size limit was hit
# Possible solutions:
#   Reduce memory load on the system
#   Increase physical memory or swap space
#   Check if swap backing store is full
#   Use 64 bit Java on a 64 bit OS
#   Decrease Java heap size (-Xmx/-Xms)
#   Decrease number of Java threads
#   Decrease Java thread stack sizes (-Xss)
#   Set larger code cache with -XX:ReservedCodeCacheSize=
# This output file may be truncated or incomplete.
#
#  Out of Memory Error (allocation.cpp:390), pid=5436, tid=0x0000000000001754
#
# JRE version: OpenJDK Runtime Environment (8.0_152-b02) (build 1.8.0_152-release-1024-b02)
# Java VM: OpenJDK 64-Bit Server VM (25.152-b02 mixed mode windows-amd64 compressed oops)
# Failed to write core dump. Minidumps are not enabled by default on client versions of Windows
#

---------------  T H R E A D  ---------------

Current thread (0x0000000016651000):  JavaThread "C2 CompilerThread1" daemon [_thread_in_native, id=5972, stack(0x0000000017dc0000,0x0000000017ec0000)]

Stack: [0x0000000017dc0000,0x0000000017ec0000]
[error occurred during error reporting (printing stack bounds), id 0xc0000005]

Native frames: (J=compiled Java code, j=interpreted, Vv=VM code, C=native code)


Current CompileTask:
C2: 675874 10149       4       org.jetbrains.kotlin.com.intellij.lang.PsiBuilderUtil::expect (20 bytes)


---------------  P R O C E S S  ---------------

Java Threads: ( => current thread )
  0x000000001f5b0800 JavaThread "RMI RenewClean-[localhost:5369,org.jetbrains.kotlin.daemon.common.LoopbackNetworkInterface$ClientLoopbackSocketFactory@58cb2b32]" daemon [_thread_blocked, id=10496, stack(0x0000000021b40000,0x0000000021c40000)]
  0x000000001f5ac800 JavaThread "RMI TCP Connection(5)-127.0.0.1" daemon [_thread_in_Java, id=5640, stack(0x0000000021a40000,0x0000000021b40000)]
  0x000000001f5ab000 JavaThread "RMI TCP Connection(4)-127.0.0.1" daemon [_thread_in_native, id=11368, stack(0x0000000021940000,0x0000000021a40000)]
  0x000000001881e800 JavaThread "RMI Scheduler(0)" daemon [_thread_blocked, id=4568, stack(0x0000000019a60000,0x0000000019b60000)]
  0x0000000002be2800 JavaThread "DestroyJavaVM" [_thread_blocked, id=3300, stack(0x0000000002ae0000,0x0000000002be0000)]
  0x00000000187f1000 JavaThread "GC Daemon" daemon [_thread_blocked, id=8656, stack(0x0000000019500000,0x0000000019600000)]
  0x00000000187ef800 JavaThread "RMI Reaper" [_thread_blocked, id=2236, stack(0x0000000019400000,0x0000000019500000)]
  0x0000000018703000 JavaThread "Timer-0" daemon [_thread_blocked, id=11484, stack(0x0000000019200000,0x0000000019300000)]
  0x00000000185e5000 JavaThread "RMI TCP Accept-17297" daemon [_thread_in_native, id=2720, stack(0x0000000019100000,0x0000000019200000)]
  0x0000000017fe4800 JavaThread "Service Thread" daemon [_thread_blocked, id=10128, stack(0x00000000183c0000,0x00000000184c0000)]
  0x0000000016654800 JavaThread "C1 CompilerThread2" daemon [_thread_blocked, id=9936, stack(0x0000000017ec0000,0x0000000017fc0000)]
=>0x0000000016651000 JavaThread "C2 CompilerThread1" daemon [_thread_in_native, id=5972, stack(0x0000000017dc0000,0x0000000017ec0000)]
  0x000000001664d800 JavaThread "C2 CompilerThread0" daemon [_thread_in_native, id=1768, stack(0x0000000017cc0000,0x0000000017dc0000)]
  0x000000001664b000 JavaThread "Attach Listener" daemon [_thread_blocked, id=9760, stack(0x0000000017bc0000,0x0000000017cc0000)]
  0x000000001664a000 JavaThread "Signal Dispatcher" daemon [_thread_blocked, id=10256, stack(0x0000000017ac0000,0x0000000017bc0000)]
  0x0000000016638800 JavaThread "Finalizer" daemon [_thread_blocked, id=3892, stack(0x00000000178b0000,0x00000000179b0000)]
  0x0000000002cd2800 JavaThread "Reference Handler" daemon [_thread_blocked, id=4588, stack(0x00000000177b0000,0x00000000178b0000)]

Other Threads:
  0x0000000016615800 VMThread [stack: 0x00000000176b0000,0x00000000177b0000] [id=9612]
  0x0000000017fe6000 WatcherThread [stack: 0x00000000184c0000,0x00000000185c0000] [id=5956]

VM state:not at safepoint (normal execution)

VM Mutex/Monitor currently owned by a thread: None

Heap:
 PSYoungGen      total 146944K, used 89977K [0x00000000e0000000, 0x00000000ed680000, 0x0000000100000000)
  eden space 96768K, 92% used [0x00000000e0000000,0x00000000e57de5b8,0x00000000e5e80000)
  from space 50176K, 0% used [0x00000000e5e80000,0x00000000e5e80000,0x00000000e8f80000)
  to   space 50688K, 0% used [0x00000000ea500000,0x00000000ea500000,0x00000000ed680000)
 ParOldGen       total 165376K, used 31603K [0x00000000a0000000, 0x00000000aa180000, 0x00000000e0000000)
  object space 165376K, 19% used [0x00000000a0000000,0x00000000a1edcc48,0x00000000aa180000)
 Metaspace       used 58144K, capacity 59247K, committed 59544K, reserved 1101824K
  class space    used 6933K, capacity 7219K, committed 7344K, reserved 1048576K

Card table byte_map: [0x00000000120a0000,0x00000000123b0000] byte_map_base: 0x0000000011ba0000

Marking Bits: (ParMarkBitMap*) 0x0000000077244970
 Begin Bits: [0x00000000129b0000, 0x00000000141b0000)
 End Bits:   [0x00000000141b0000, 0x00000000159b0000)

Polling page: 0x0000000000b40000

CodeCache: size=245760Kb used=28104Kb max_used=28104Kb free=217655Kb
 bounds [0x0000000002ce0000, 0x0000000004880000, 0x0000000011ce0000]
 total_blobs=9120 nmethods=8590 adapters=441
 compilation: enabled

Compilation events (10 events):
Event: 675.749 Thread 0x0000000016654800 nmethod 10212 0x0000000004866e50 code [0x0000000004866fc0, 0x0000000004867238]
Event: 675.749 Thread 0x0000000016654800 10213       2       org.jetbrains.kotlin.com.intellij.psi.impl.compiled.ClsClassImpl::hasModifierProperty (19 bytes)
Event: 675.749 Thread 0x0000000016654800 nmethod 10213 0x0000000004867310 code [0x00000000048674a0, 0x0000000004867758]
Event: 675.749 Thread 0x0000000016654800 10214       2       org.jetbrains.kotlin.com.intellij.psi.impl.compiled.ClsClassImpl::getModifierListInternal (24 bytes)
Event: 675.749 Thread 0x0000000016654800 nmethod 10214 0x00000000048678d0 code [0x0000000004867a40, 0x0000000004867c98]
Event: 675.749 Thread 0x0000000016654800 10215       2       org.jetbrains.kotlin.com.intellij.psi.impl.compiled.ClsModifierListImpl::hasModifierProperty (25 bytes)
Event: 675.750 Thread 0x0000000016654800 nmethod 10215 0x0000000004867d90 code [0x0000000004867f20, 0x00000000048681f8]
Event: 675.750 Thread 0x0000000016654800 10216       2       org.jetbrains.kotlin.com.intellij.psi.impl.cache.ModifierFlags::hasModifierProperty (33 bytes)
Event: 675.750 Thread 0x0000000016654800 nmethod 10216 0x0000000004868450 code [0x00000000048685c0, 0x00000000048687d8]
Event: 675.764 Thread 0x0000000016654800 10218       2       org.jetbrains.kotlin.serialization.DescriptorSerializer::propertyProto (689 bytes)

GC Heap History (10 events):
Event: 17.501 GC heap before
{Heap before GC invocations=13 (full 3):
 PSYoungGen      total 89088K, used 89087K [0x00000000e0000000, 0x00000000e8e00000, 0x0000000100000000)
  eden space 68608K, 100% used [0x00000000e0000000,0x00000000e4300000,0x00000000e4300000)
  from space 20480K, 99% used [0x00000000e4300000,0x00000000e56ffc78,0x00000000e5700000)
  to   space 27136K, 0% used [0x00000000e7380000,0x00000000e7380000,0x00000000e8e00000)
 ParOldGen       total 122880K, used 30861K [0x00000000a0000000, 0x00000000a7800000, 0x00000000e0000000)
  object space 122880K, 25% used [0x00000000a0000000,0x00000000a1e235b0,0x00000000a7800000)
 Metaspace       used 51379K, capacity 52263K, committed 52656K, reserved 1095680K
  class space    used 6238K, capacity 6451K, committed 6576K, reserved 1048576K
Event: 17.551 GC heap after
Heap after GC invocations=13 (full 3):
 PSYoungGen      total 111104K, used 27135K [0x00000000e0000000, 0x00000000e9300000, 0x0000000100000000)
  eden space 83968K, 0% used [0x00000000e0000000,0x00000000e0000000,0x00000000e5200000)
  from space 27136K, 99% used [0x00000000e7380000,0x00000000e8dffcd8,0x00000000e8e00000)
  to   space 33280K, 0% used [0x00000000e5200000,0x00000000e5200000,0x00000000e7280000)
 ParOldGen       total 122880K, used 37464K [0x00000000a0000000, 0x00000000a7800000, 0x00000000e0000000)
  object space 122880K, 30% used [0x00000000a0000000,0x00000000a2496170,0x00000000a7800000)
 Metaspace       used 51379K, capacity 52263K, committed 52656K, reserved 1095680K
  class space    used 6238K, capacity 6451K, committed 6576K, reserved 1048576K
}
Event: 19.261 GC heap before
{Heap before GC invocations=14 (full 3):
 PSYoungGen      total 111104K, used 111103K [0x00000000e0000000, 0x00000000e9300000, 0x0000000100000000)
  eden space 83968K, 100% used [0x00000000e0000000,0x00000000e5200000,0x00000000e5200000)
  from space 27136K, 99% used [0x00000000e7380000,0x00000000e8dffcd8,0x00000000e8e00000)
  to   space 33280K, 0% used [0x00000000e5200000,0x00000000e5200000,0x00000000e7280000)
 ParOldGen       total 122880K, used 37464K [0x00000000a0000000, 0x00000000a7800000, 0x00000000e0000000)
  object space 122880K, 30% used [0x00000000a0000000,0x00000000a2496170,0x00000000a7800000)
 Metaspace       used 52356K, capacity 53265K, committed 53680K, reserved 1095680K
  class space    used 6296K, capacity 6498K, committed 6576K, reserved 1048576K
Event: 19.317 GC heap after
Heap after GC invocations=14 (full 3):
 PSYoungGen      total 117248K, used 33279K [0x00000000e0000000, 0x00000000eb800000, 0x0000000100000000)
  eden space 83968K, 0% used [0x00000000e0000000,0x00000000e0000000,0x00000000e5200000)
  from space 33280K, 99% used [0x00000000e5200000,0x00000000e727fdc0,0x00000000e7280000)
  to   space 41472K, 0% used [0x00000000e8f80000,0x00000000e8f80000,0x00000000eb800000)
 ParOldGen       total 122880K, used 45613K [0x00000000a0000000, 0x00000000a7800000, 0x00000000e0000000)
  object space 122880K, 37% used [0x00000000a0000000,0x00000000a2c8b4a8,0x00000000a7800000)
 Metaspace       used 52356K, capacity 53265K, committed 53680K, reserved 1095680K
  class space    used 6296K, capacity 6498K, committed 6576K, reserved 1048576K
}
Event: 22.252 GC heap before
{Heap before GC invocations=15 (full 3):
 PSYoungGen      total 117248K, used 117247K [0x00000000e0000000, 0x00000000eb800000, 0x0000000100000000)
  eden space 83968K, 100% used [0x00000000e0000000,0x00000000e5200000,0x00000000e5200000)
  from space 33280K, 99% used [0x00000000e5200000,0x00000000e727fdc0,0x00000000e7280000)
  to   space 41472K, 0% used [0x00000000e8f80000,0x00000000e8f80000,0x00000000eb800000)
 ParOldGen       total 122880K, used 45613K [0x00000000a0000000, 0x00000000a7800000, 0x00000000e0000000)
  object space 122880K, 37% used [0x00000000a0000000,0x00000000a2c8b4a8,0x00000000a7800000)
 Metaspace       used 54455K, capacity 55519K, committed 55728K, reserved 1097728K
  class space    used 6482K, capacity 6737K, committed 6832K, reserved 1048576K
Event: 22.324 GC heap after
Heap after GC invocations=15 (full 3):
 PSYoungGen      total 138240K, used 41461K [0x00000000e0000000, 0x00000000ec980000, 0x0000000100000000)
  eden space 96768K, 0% used [0x00000000e0000000,0x00000000e0000000,0x00000000e5e80000)
  from space 41472K, 99% used [0x00000000e8f80000,0x00000000eb7fd770,0x00000000eb800000)
  to   space 50176K, 0% used [0x00000000e5e80000,0x00000000e5e80000,0x00000000e8f80000)
 ParOldGen       total 122880K, used 51487K [0x00000000a0000000, 0x00000000a7800000, 0x00000000e0000000)
  object space 122880K, 41% used [0x00000000a0000000,0x00000000a3247dd8,0x00000000a7800000)
 Metaspace       used 54455K, capacity 55519K, committed 55728K, reserved 1097728K
  class space    used 6482K, capacity 6737K, committed 6832K, reserved 1048576K
}
Event: 674.814 GC heap before
{Heap before GC invocations=16 (full 3):
 PSYoungGen      total 138240K, used 116727K [0x00000000e0000000, 0x00000000ec980000, 0x0000000100000000)
  eden space 96768K, 77% used [0x00000000e0000000,0x00000000e4980670,0x00000000e5e80000)
  from space 41472K, 99% used [0x00000000e8f80000,0x00000000eb7fd770,0x00000000eb800000)
  to   space 50176K, 0% used [0x00000000e5e80000,0x00000000e5e80000,0x00000000e8f80000)
 ParOldGen       total 122880K, used 51487K [0x00000000a0000000, 0x00000000a7800000, 0x00000000e0000000)
  object space 122880K, 41% used [0x00000000a0000000,0x00000000a3247dd8,0x00000000a7800000)
 Metaspace       used 57885K, capacity 59017K, committed 59160K, reserved 1101824K
  class space    used 6921K, capacity 7186K, committed 7216K, reserved 1048576K
Event: 674.856 GC heap after
Heap after GC invocations=16 (full 3):
 PSYoungGen      total 146944K, used 29921K [0x00000000e0000000, 0x00000000ed680000, 0x0000000100000000)
  eden space 96768K, 0% used [0x00000000e0000000,0x00000000e0000000,0x00000000e5e80000)
  from space 50176K, 59% used [0x00000000e5e80000,0x00000000e7bb8500,0x00000000e8f80000)
  to   space 50688K, 0% used [0x00000000ea500000,0x00000000ea500000,0x00000000ed680000)
 ParOldGen       total 122880K, used 66277K [0x00000000a0000000, 0x00000000a7800000, 0x00000000e0000000)
  object space 122880K, 53% used [0x00000000a0000000,0x00000000a40b9708,0x00000000a7800000)
 Metaspace       used 57885K, capacity 59017K, committed 59160K, reserved 1101824K
  class space    used 6921K, capacity 7186K, committed 7216K, reserved 1048576K
}
Event: 674.856 GC heap before
{Heap before GC invocations=17 (full 4):
 PSYoungGen      total 146944K, used 29921K [0x00000000e0000000, 0x00000000ed680000, 0x0000000100000000)
  eden space 96768K, 0% used [0x00000000e0000000,0x00000000e0000000,0x00000000e5e80000)
  from space 50176K, 59% used [0x00000000e5e80000,0x00000000e7bb8500,0x00000000e8f80000)
  to   space 50688K, 0% used [0x00000000ea500000,0x00000000ea500000,0x00000000ed680000)
 ParOldGen       total 122880K, used 66277K [0x00000000a0000000, 0x00000000a7800000, 0x00000000e0000000)
  object space 122880K, 53% used [0x00000000a0000000,0x00000000a40b9708,0x00000000a7800000)
 Metaspace       used 57885K, capacity 59017K, committed 59160K, reserved 1101824K
  class space    used 6921K, capacity 7186K, committed 7216K, reserved 1048576K
Event: 674.988 GC heap after
Heap after GC invocations=17 (full 4):
 PSYoungGen      total 146944K, used 0K [0x00000000e0000000, 0x00000000ed680000, 0x0000000100000000)
  eden space 96768K, 0% used [0x00000000e0000000,0x00000000e0000000,0x00000000e5e80000)
  from space 50176K, 0% used [0x00000000e5e80000,0x00000000e5e80000,0x00000000e8f80000)
  to   space 50688K, 0% used [0x00000000ea500000,0x00000000ea500000,0x00000000ed680000)
 ParOldGen       total 165376K, used 31603K [0x00000000a0000000, 0x00000000aa180000, 0x00000000e0000000)
  object space 165376K, 19% used [0x00000000a0000000,0x00000000a1edcc48,0x00000000aa180000)
 Metaspace       used 57885K, capacity 59017K, committed 59160K, reserved 1101824K
  class space    used 6921K, capacity 7186K, committed 7216K, reserved 1048576K
}

Deoptimization events (10 events):
Event: 24.050 Thread 0x0000000018821000 Uncommon trap: reason=bimorphic action=maybe_recompile pc=0x0000000003270c58 method=kotlin.comparisons.ComparisonsKt__ComparisonsKt.compareValues(Ljava/lang/Comparable;Ljava/lang/Comparable;)I @ 21
Event: 24.050 Thread 0x0000000018821000 Uncommon trap: reason=bimorphic action=maybe_recompile pc=0x0000000003270c58 method=kotlin.comparisons.ComparisonsKt__ComparisonsKt.compareValues(Ljava/lang/Comparable;Ljava/lang/Comparable;)I @ 21
Event: 24.050 Thread 0x0000000018821000 Uncommon trap: reason=bimorphic action=maybe_recompile pc=0x0000000003270c58 method=kotlin.comparisons.ComparisonsKt__ComparisonsKt.compareValues(Ljava/lang/Comparable;Ljava/lang/Comparable;)I @ 21
Event: 24.050 Thread 0x0000000018821000 Uncommon trap: reason=bimorphic action=maybe_recompile pc=0x0000000003270c58 method=kotlin.comparisons.ComparisonsKt__ComparisonsKt.compareValues(Ljava/lang/Comparable;Ljava/lang/Comparable;)I @ 21
Event: 24.050 Thread 0x0000000018821000 Uncommon trap: reason=unstable_if action=reinterpret pc=0x000000000477a16c method=java.io.ObjectOutputStream$BlockDataOutputStream.writeBytes(Ljava/lang/String;)V @ 22
Event: 24.051 Thread 0x0000000018821000 Uncommon trap: reason=unstable_if action=reinterpret pc=0x0000000004778bac method=java.io.ObjectOutputStream$BlockDataOutputStream.writeBytes(Ljava/lang/String;)V @ 22
Event: 674.564 Thread 0x000000001f5ac800 Uncommon trap: reason=null_check action=make_not_entrant pc=0x000000000405189c method=java.lang.StringCoding.deref(Ljava/lang/ThreadLocal;)Ljava/lang/Object; @ 4
Event: 674.989 Thread 0x000000001883c000 Uncommon trap: reason=unstable_if action=reinterpret pc=0x0000000003308edc method=java.util.WeakHashMap.eq(Ljava/lang/Object;Ljava/lang/Object;)Z @ 2
Event: 675.421 Thread 0x000000001f5ac800 Uncommon trap: reason=unstable_if action=reinterpret pc=0x000000000415b0d8 method=org.jetbrains.kotlin.com.intellij.util.containers.ConcurrentWeakKeySoftValueHashMap$WeakKey.equals(Ljava/lang/Object;)Z @ 32
Event: 675.515 Thread 0x000000001f5ac800 Uncommon trap: reason=unstable_if action=reinterpret pc=0x0000000003a3ea48 method=org.iq80.snappy.SnappyDecompressor.copyLiteral([BI[BII)V @ 109

Classes redefined (0 events):
No events

Internal exceptions (10 events):
Event: 19.516 Thread 0x0000000018821000 Implicit null exception at 0x0000000003f47bd0 to 0x0000000003f47f95
Event: 21.732 Thread 0x0000000018821000 Exception <a 'sun/nio/fs/WindowsException'> (0x00000000e4243af8) thrown at [D:\src\AOSP-openjdk-cygwin\jdk8u\hotspot\src\share\vm\prims\jni.cpp, line 709]
Event: 22.656 Thread 0x0000000018821000 Implicit null exception at 0x0000000002f2b716 to 0x0000000002f2bab1
Event: 22.672 Thread 0x0000000018821000 Implicit null exception at 0x0000000002f156d6 to 0x0000000002f15a6d
Event: 23.673 Thread 0x0000000018821000 Exception <a 'java/lang/NoSuchMethodError': java.lang.Object.lambda$static$0(Ljava/lang/String;)Z> (0x00000000e2854db0) thrown at [D:\src\AOSP-openjdk-cygwin\jdk8u\hotspot\src\share\vm\interpreter\linkResolver.cpp, line 584]
Event: 23.673 Thread 0x0000000018821000 Exception <a 'java/lang/NoSuchMethodError': java.lang.Object.lambda$static$1(Ljava/lang/String;)Z> (0x00000000e28577e8) thrown at [D:\src\AOSP-openjdk-cygwin\jdk8u\hotspot\src\share\vm\interpreter\linkResolver.cpp, line 584]
Event: 24.003 Thread 0x0000000018821000 Exception <a 'java/lang/NoSuchMethodError': <clinit>> (0x00000000e308c590) thrown at [D:\src\AOSP-openjdk-cygwin\jdk8u\hotspot\src\share\vm\prims\jni.cpp, line 1613]
Event: 674.475 Thread 0x000000001f5b0800 Exception <a 'java/lang/InterruptedException'> (0x00000000e35fe428) thrown at [D:\src\AOSP-openjdk-cygwin\jdk8u\hotspot\src\share\vm\runtime\objectMonitor.cpp, line 1684]
Event: 674.488 Thread 0x000000001f5ac800 Exception <a 'sun/nio/fs/WindowsException'> (0x00000000e36d3c60) thrown at [D:\src\AOSP-openjdk-cygwin\jdk8u\hotspot\src\share\vm\prims\jni.cpp, line 709]
Event: 674.564 Thread 0x000000001f5ac800 Implicit null exception at 0x0000000004051300 to 0x0000000004051881

Events (10 events):
Event: 675.636 Thread 0x000000001f5ac800 DEOPT PACKING pc=0x0000000003a85e16 sp=0x0000000021b39c70
Event: 675.636 Thread 0x000000001f5ac800 DEOPT UNPACKING pc=0x0000000002d275d0 sp=0x0000000021b399f0 mode 0
Event: 675.641 Thread 0x000000001f5ac800 DEOPT PACKING pc=0x0000000003a85e16 sp=0x0000000021b39c70
Event: 675.641 Thread 0x000000001f5ac800 DEOPT UNPACKING pc=0x0000000002d275d0 sp=0x0000000021b399f0 mode 0
Event: 675.648 Thread 0x000000001f5ac800 DEOPT PACKING pc=0x0000000003ab7475 sp=0x0000000021b3a4a0
Event: 675.648 Thread 0x000000001f5ac800 DEOPT UNPACKING pc=0x0000000002d275d0 sp=0x0000000021b3a2a0 mode 0
Event: 675.651 Thread 0x000000001f5ac800 DEOPT PACKING pc=0x0000000003a94ab8 sp=0x0000000021b3a440
Event: 675.651 Thread 0x000000001f5ac800 DEOPT UNPACKING pc=0x0000000002d275d0 sp=0x0000000021b3a2a0 mode 0
Event: 675.706 Thread 0x000000001f5ac800 DEOPT PACKING pc=0x0000000003a85e16 sp=0x0000000021b3a210
Event: 675.706 Thread 0x000000001f5ac800 DEOPT UNPACKING pc=0x0000000002d275d0 sp=0x0000000021b39f90 mode 0


Dynamic libraries:
0x00007ff72cf10000 - 0x00007ff72cf41000 	C:\Program Files\Android\Android Studio\jre\jre\bin\java.exe
0x00007ffef3940000 - 0x00007ffef3b21000 	C:\WINDOWS\SYSTEM32\ntdll.dll
0x00007ffef12f0000 - 0x00007ffef13a2000 	C:\WINDOWS\System32\KERNEL32.DLL
0x00007ffeefe60000 - 0x00007ffef00d3000 	C:\WINDOWS\System32\KERNELBASE.dll
0x00007ffef1150000 - 0x00007ffef11f1000 	C:\WINDOWS\System32\ADVAPI32.dll
0x00007ffef2a40000 - 0x00007ffef2ade000 	C:\WINDOWS\System32\msvcrt.dll
0x00007ffef2ea0000 - 0x00007ffef2efb000 	C:\WINDOWS\System32\sechost.dll
0x00007ffef36f0000 - 0x00007ffef3814000 	C:\WINDOWS\System32\RPCRT4.dll
0x00007ffef2c40000 - 0x00007ffef2dd0000 	C:\WINDOWS\System32\USER32.dll
0x00007ffef0190000 - 0x00007ffef01b0000 	C:\WINDOWS\System32\win32u.dll
0x00007ffef3160000 - 0x00007ffef3188000 	C:\WINDOWS\System32\GDI32.dll
0x00007ffef0230000 - 0x00007ffef03c2000 	C:\WINDOWS\System32\gdi32full.dll
0x00007ffeefd10000 - 0x00007ffeefdaf000 	C:\WINDOWS\System32\msvcp_win.dll
0x00007ffef0ae0000 - 0x00007ffef0bda000 	C:\WINDOWS\System32\ucrtbase.dll
0x00007ffecc490000 - 0x00007ffecc6f9000 	C:\WINDOWS\WinSxS\amd64_microsoft.windows.common-controls_6595b64144ccf1df_6.0.17134.285_none_fb4297e330656775\COMCTL32.dll
0x00007ffef0de0000 - 0x00007ffef1103000 	C:\WINDOWS\System32\combase.dll
0x00007ffef01b0000 - 0x00007ffef022a000 	C:\WINDOWS\System32\bcryptPrimitives.dll
0x00007ffef1110000 - 0x00007ffef113d000 	C:\WINDOWS\System32\IMM32.DLL
0x0000000077c70000 - 0x0000000077d42000 	C:\Program Files\Android\Android Studio\jre\jre\bin\msvcr100.dll
0x0000000076a80000 - 0x00000000772bf000 	C:\Program Files\Android\Android Studio\jre\jre\bin\server\jvm.dll
0x00007ffef0dd0000 - 0x00007ffef0dd8000 	C:\WINDOWS\System32\PSAPI.DLL
0x00007ffedf460000 - 0x00007ffedf46a000 	C:\WINDOWS\SYSTEM32\VERSION.dll
0x00007ffeed240000 - 0x00007ffeed263000 	C:\WINDOWS\SYSTEM32\WINMM.dll
0x00007ffeecc50000 - 0x00007ffeecc7a000 	C:\WINDOWS\SYSTEM32\winmmbase.dll
0x00007ffef00e0000 - 0x00007ffef0129000 	C:\WINDOWS\System32\cfgmgr32.dll
0x00007ffeeeab0000 - 0x00007ffeeeab9000 	C:\WINDOWS\SYSTEM32\WSOCK32.dll
0x00007ffef2dd0000 - 0x00007ffef2e3c000 	C:\WINDOWS\System32\WS2_32.dll
0x00007ffee6db0000 - 0x00007ffee6dbf000 	C:\Program Files\Android\Android Studio\jre\jre\bin\verify.dll
0x00007ffedb1c0000 - 0x00007ffedb1e9000 	C:\Program Files\Android\Android Studio\jre\jre\bin\java.dll
0x00007ffedfbc0000 - 0x00007ffedfbd6000 	C:\Program Files\Android\Android Studio\jre\jre\bin\zip.dll
0x00007ffef1600000 - 0x00007ffef2a40000 	C:\WINDOWS\System32\SHELL32.dll
0x00007ffef1550000 - 0x00007ffef15f9000 	C:\WINDOWS\System32\shcore.dll
0x00007ffef03d0000 - 0x00007ffef0add000 	C:\WINDOWS\System32\windows.storage.dll
0x00007ffef2e40000 - 0x00007ffef2e91000 	C:\WINDOWS\System32\shlwapi.dll
0x00007ffeefcd0000 - 0x00007ffeefce1000 	C:\WINDOWS\System32\kernel.appcore.dll
0x00007ffeefcb0000 - 0x00007ffeefccf000 	C:\WINDOWS\System32\profapi.dll
0x00007ffeefc60000 - 0x00007ffeefcac000 	C:\WINDOWS\System32\powrprof.dll
0x00007ffeefc50000 - 0x00007ffeefc5a000 	C:\WINDOWS\System32\FLTLIB.DLL
0x00007ffee6da0000 - 0x00007ffee6dad000 	C:\Program Files\Android\Android Studio\jre\jre\bin\management.dll
0x00007ffedb080000 - 0x00007ffedb09a000 	C:\Program Files\Android\Android Studio\jre\jre\bin\net.dll
0x00007ffeef470000 - 0x00007ffeef4d6000 	C:\WINDOWS\system32\mswsock.dll
0x00007ffed8ea0000 - 0x00007ffed8eb1000 	C:\Program Files\Android\Android Studio\jre\jre\bin\nio.dll
0x00007ffeef620000 - 0x00007ffeef637000 	C:\WINDOWS\SYSTEM32\CRYPTSP.dll
0x00007ffeef050000 - 0x00007ffeef083000 	C:\WINDOWS\system32\rsaenh.dll
0x00007ffeef7b0000 - 0x00007ffeef7d5000 	C:\WINDOWS\SYSTEM32\bcrypt.dll
0x00007ffeefb80000 - 0x00007ffeefba8000 	C:\WINDOWS\SYSTEM32\USERENV.dll
0x00007ffeef640000 - 0x00007ffeef64b000 	C:\WINDOWS\SYSTEM32\CRYPTBASE.dll
0x00007ffeef1f0000 - 0x00007ffeef228000 	C:\WINDOWS\SYSTEM32\IPHLPAPI.DLL
0x00007ffef1140000 - 0x00007ffef1148000 	C:\WINDOWS\System32\NSI.dll
0x00007ffee9470000 - 0x00007ffee9486000 	C:\WINDOWS\SYSTEM32\dhcpcsvc6.DLL
0x00007ffee9090000 - 0x00007ffee90aa000 	C:\WINDOWS\SYSTEM32\dhcpcsvc.DLL

VM Arguments:
jvm_args: -Djava.awt.headless=true -Djava.rmi.server.hostname=localhost -Xmx1536m -Dkotlin.environment.keepalive 
java_command: org.jetbrains.kotlin.daemon.KotlinCompileDaemon --daemon-runFilesPath C:\Users\anime\AppData\Local\kotlin\daemon --daemon-autoshutdownIdleSeconds=7200 --daemon-compilerClasspath C:\Users\anime\.gradle\caches\modules-2\files-2.1\org.jetbrains.kotlin\kotlin-compiler-embeddable\1.2.41\e439cfdc216b070ebd454da892447f5dca96a934\kotlin-compiler-embeddable-1.2.41.jar;C:\Users\anime\.gradle\caches\modules-2\files-2.1\org.jetbrains.kotlin\kotlin-stdlib\1.2.41\7e34f009642702250bccd9e5255866f408962a05\kotlin-stdlib-1.2.41.jar;C:\Users\anime\.gradle\caches\modules-2\files-2.1\org.jetbrains.kotlin\kotlin-script-runtime\1.2.41\e291b12913910c260ce878f9a76c84203cf710a1\kotlin-script-runtime-1.2.41.jar;C:\Users\anime\.gradle\caches\modules-2\files-2.1\org.jetbrains.kotlin\kotlin-reflect\1.2.41\e4d6728a4fa55dbfb510aeea25c072c7c51d94\kotlin-reflect-1.2.41.jar;C:\Program Files\Android\Android Studio\jre\lib\tools.jar
java_class_path (initial): C:\Users\anime\.gradle\caches\modules-2\files-2.1\org.jetbrains.kotlin\kotlin-compiler-embeddable\1.2.41\e439cfdc216b070ebd454da892447f5dca96a934\kotlin-compiler-embeddable-1.2.41.jar;C:\Users\anime\.gradle\caches\modules-2\files-2.1\org.jetbrains.kotlin\kotlin-stdlib\1.2.41\7e34f009642702250bccd9e5255866f408962a05\kotlin-stdlib-1.2.41.jar;C:\Users\anime\.gradle\caches\modules-2\files-2.1\org.jetbrains.kotlin\kotlin-script-runtime\1.2.41\e291b12913910c260ce878f9a76c84203cf710a1\kotlin-script-runtime-1.2.41.jar;C:\Users\anime\.gradle\caches\modules-2\files-2.1\org.jetbrains.kotlin\kotlin-reflect\1.2.41\e4d6728a4fa55dbfb510aeea25c072c7c51d94\kotlin-reflect-1.2.41.jar;C:\Program Files\Android\Android Studio\jre\lib\tools.jar
Launcher Type: SUN_STANDARD

Environment Variables:
PATH=C:\ProgramData\Oracle\Java\javapath;C:\Windows\system32;C:\Windows;C:\Windows\System32\Wbem;C:\Windows\System32\WindowsPowerShell\v1.0\;C:\xampp\php;C:\ProgramData\ComposerSetup\bin;C:\Program Files (x86)\NVIDIA Corporation\PhysX\Common;C:\WINDOWS\system32;C:\WINDOWS;C:\WINDOWS\System32\Wbem;C:\WINDOWS\System32\WindowsPowerShell\v1.0\;C:\Program Files\Microsoft SQL Server\Client SDK\ODBC\130\Tools\Binn\;C:\Program Files (x86)\Microsoft SQL Server\140\Tools\Binn\;C:\Program Files\Microsoft SQL Server\140\Tools\Binn\;C:\Program Files\Microsoft SQL Server\140\DTS\Binn\;C:\WINDOWS\system32\config\systemprofile\.dnx\bin;C:\Program Files\Microsoft DNX\Dnvm\;C:\Program Files\Microsoft SQL Server\130\Tools\Binn\;C:\Program Files\Microsoft SQL Server\120\Tools\Binn\;C:\Program Files\Microsoft SQL Server\Client SDK\ODBC\110\Tools\Binn\;C:\Program Files (x86)\Microsoft SQL Server\120\Tools\Binn\;C:\Program Files\Microsoft SQL Server\120\DTS\Binn\;C:\Program Files (x86)\Microsoft SQL Server\120\Tools\Binn\ManagementStudio\;C:\Program Files (x86)\Microsoft SQL Server\120\DTS\Binn\;C:\WINDOWS\System32\OpenSSH\;C:\Users\anime\AppData\Local\Microsoft\WindowsApps;C:\Users\anime\AppData\Local\GitHubDesktop\bin;C:\Users\anime\AppData\Roaming\Composer\vendor\bin;C:\Users\anime\AppData\Local\Google\Cloud SDK\google-cloud-sdk\bin;C:\Users\anime\AppData\Local\atom\bin;%USERPROFILE%\AppData\Local\Microsoft\WindowsApps;
USERNAME=anime
OS=Windows_NT
PROCESSOR_IDENTIFIER=Intel64 Family 6 Model 78 Stepping 3, GenuineIntel



---------------  S Y S T E M  ---------------

OS: Windows 10.0 , 64 bit Build 17134 (10.0.17134.1)

CPU:total 4 (initial active 4) (2 cores per cpu, 2 threads per core) family 6 model 78 stepping 3, cmov, cx8, fxsr, mmx, sse, sse2, sse3, ssse3, sse4.1, sse4.2, popcnt, avx, avx2, aes, clmul, erms, 3dnowpref, lzcnt, ht, tsc, tscinvbit, bmi1, bmi2, adx

Memory: 4k page, physical 8253820k(1096508k free), swap 8253820k(3404k free)

vm_info: OpenJDK 64-Bit Server VM (25.152-b02) for windows-amd64 JRE (1.8.0_152-release-1024-b02), built by "builder" with MS VC++ 10.0 (VS2010)

time: Sat Oct 06 21:26:00 2018
elapsed time: 675 seconds (0d 0h 11m 15s)

