#
# There is insufficient memory for the Java Runtime Environment to continue.
# Native memory allocation (malloc) failed to allocate 980656 bytes for Chunk::new
# Possible reasons:
#   The system is out of physical RAM or swap space
#   In 32 bit mode, the process size limit was hit
# Possible solutions:
#   Reduce memory load on the system
#   Increase physical memory or swap space
#   Check if swap backing store is full
#   Use 64 bit Java on a 64 bit OS
#   Decrease Java heap size (-Xmx/-Xms)
#   Decrease number of Java threads
#   Decrease Java thread stack sizes (-Xss)
#   Set larger code cache with -XX:ReservedCodeCacheSize=
# This output file may be truncated or incomplete.
#
#  Out of Memory Error (allocation.cpp:390), pid=13172, tid=0x0000000000002ee8
#
# JRE version: OpenJDK Runtime Environment (8.0_152-b02) (build 1.8.0_152-release-1024-b02)
# Java VM: OpenJDK 64-Bit Server VM (25.152-b02 mixed mode windows-amd64 compressed oops)
# Failed to write core dump. Minidumps are not enabled by default on client versions of Windows
#

---------------  T H R E A D  ---------------

Current thread (0x0000000016e62000):  JavaThread "C2 CompilerThread1" daemon [_thread_in_native, id=12008, stack(0x00000000185e0000,0x00000000186e0000)]

Stack: [0x00000000185e0000,0x00000000186e0000]
[error occurred during error reporting (printing stack bounds), id 0xc0000005]

Native frames: (J=compiled Java code, j=interpreted, Vv=VM code, C=native code)


Current CompileTask:
C2:6145601 15069       4       org.jetbrains.kotlin.load.java.typeEnhancement.TypeEnhancementKt::enhanceInflexible (623 bytes)


---------------  P R O C E S S  ---------------

Java Threads: ( => current thread )
  0x0000000019311800 JavaThread "RMI RenewClean-[localhost:6049,org.jetbrains.kotlin.daemon.common.LoopbackNetworkInterface$ClientLoopbackSocketFactory@54d5e17b]" daemon [_thread_blocked, id=10320, stack(0x0000000024020000,0x0000000024120000)]
  0x0000000019314000 JavaThread "RMI TCP Connection(38)-127.0.0.1" daemon [_thread_in_Java, id=7888, stack(0x0000000023f20000,0x0000000024020000)]
  0x0000000019318800 JavaThread "RMI TCP Connection(37)-127.0.0.1" daemon [_thread_in_native, id=7400, stack(0x0000000023e20000,0x0000000023f20000)]
  0x0000000019315800 JavaThread "RMI RenewClean-[localhost:6049,org.jetbrains.kotlin.daemon.common.LoopbackNetworkInterface$ClientLoopbackSocketFactory@42dbdfb1]" daemon [_thread_blocked, id=10948, stack(0x0000000023d20000,0x0000000023e20000)]
  0x0000000019031000 JavaThread "RMI Scheduler(0)" daemon [_thread_blocked, id=4176, stack(0x000000001a280000,0x000000001a380000)]
  0x00000000032f2800 JavaThread "DestroyJavaVM" [_thread_blocked, id=5980, stack(0x0000000003120000,0x0000000003220000)]
  0x0000000018ff4000 JavaThread "GC Daemon" daemon [_thread_blocked, id=1828, stack(0x0000000019d20000,0x0000000019e20000)]
  0x000000001900f800 JavaThread "RMI Reaper" [_thread_blocked, id=12148, stack(0x0000000019c20000,0x0000000019d20000)]
  0x0000000018e3f000 JavaThread "Timer-0" daemon [_thread_blocked, id=6644, stack(0x0000000019a20000,0x0000000019b20000)]
  0x0000000018f37000 JavaThread "RMI TCP Accept-17012" daemon [_thread_in_native, id=2020, stack(0x0000000019920000,0x0000000019a20000)]
  0x0000000016ebd800 JavaThread "Service Thread" daemon [_thread_blocked, id=11288, stack(0x0000000018be0000,0x0000000018ce0000)]
  0x0000000016e65000 JavaThread "C1 CompilerThread2" daemon [_thread_blocked, id=11764, stack(0x00000000186e0000,0x00000000187e0000)]
=>0x0000000016e62000 JavaThread "C2 CompilerThread1" daemon [_thread_in_native, id=12008, stack(0x00000000185e0000,0x00000000186e0000)]
  0x0000000016e5f000 JavaThread "C2 CompilerThread0" daemon [_thread_in_native, id=11984, stack(0x00000000184e0000,0x00000000185e0000)]
  0x0000000016e5c800 JavaThread "Attach Listener" daemon [_thread_blocked, id=11732, stack(0x00000000183e0000,0x00000000184e0000)]
  0x0000000016e5b800 JavaThread "Signal Dispatcher" daemon [_thread_blocked, id=12112, stack(0x00000000182e0000,0x00000000183e0000)]
  0x00000000033ed800 JavaThread "Finalizer" daemon [_thread_blocked, id=11676, stack(0x00000000180d0000,0x00000000181d0000)]
  0x00000000033e4000 JavaThread "Reference Handler" daemon [_thread_blocked, id=11268, stack(0x0000000017fd0000,0x00000000180d0000)]

Other Threads:
  0x0000000016e25800 VMThread [stack: 0x0000000017ed0000,0x0000000017fd0000] [id=800]
  0x0000000018816000 WatcherThread [stack: 0x0000000018ce0000,0x0000000018de0000] [id=12292]

VM state:not at safepoint (normal execution)

VM Mutex/Monitor currently owned by a thread: None

Heap:
 PSYoungGen      total 126464K, used 75765K [0x00000000e0000000, 0x00000000ece00000, 0x0000000100000000)
  eden space 74240K, 31% used [0x00000000e0000000,0x00000000e17043c8,0x00000000e4880000)
  from space 52224K, 99% used [0x00000000e4880000,0x00000000e7b79060,0x00000000e7b80000)
  to   space 61440K, 0% used [0x00000000e9200000,0x00000000e9200000,0x00000000ece00000)
 ParOldGen       total 118272K, used 31033K [0x00000000a0000000, 0x00000000a7380000, 0x00000000e0000000)
  object space 118272K, 26% used [0x00000000a0000000,0x00000000a1e4e688,0x00000000a7380000)
 Metaspace       used 62614K, capacity 64347K, committed 64640K, reserved 1105920K
  class space    used 7107K, capacity 7495K, committed 7552K, reserved 1048576K

Card table byte_map: [0x00000000128b0000,0x0000000012bc0000] byte_map_base: 0x00000000123b0000

Marking Bits: (ParMarkBitMap*) 0x0000000054b74970
 Begin Bits: [0x00000000131c0000, 0x00000000149c0000)
 End Bits:   [0x00000000149c0000, 0x00000000161c0000)

Polling page: 0x0000000000ff0000

CodeCache: size=245760Kb used=44016Kb max_used=44723Kb free=201743Kb
 bounds [0x00000000034f0000, 0x00000000060f0000, 0x00000000124f0000]
 total_blobs=13210 nmethods=12679 adapters=441
 compilation: enabled

Compilation events (10 events):
Event: 6144.933 Thread 0x0000000016e65000 15098       3       org.jetbrains.kotlin.load.java.structure.impl.classFiles.ClassifierResolutionContext::addInnerClass$frontend_java (67 bytes)
Event: 6144.934 Thread 0x0000000016e65000 nmethod 15098 0x00000000041d3390 code [0x00000000041d3640, 0x00000000041d44d8]
Event: 6144.947 Thread 0x0000000016e65000 15099       3       org.jetbrains.kotlin.load.java.descriptors.UtilKt::copyValueParameters (325 bytes)
Event: 6144.949 Thread 0x0000000016e65000 nmethod 15099 0x0000000005287310 code [0x00000000052876e0, 0x00000000052898d8]
Event: 6144.949 Thread 0x0000000016e65000 15100       3       org.jetbrains.kotlin.descriptors.impl.FunctionDescriptorImpl$CopyConfiguration::setValueParameters (6 bytes)
Event: 6144.949 Thread 0x0000000016e65000 nmethod 15100 0x00000000047b3f10 code [0x00000000047b4080, 0x00000000047b4270]
Event: 6144.958 Thread 0x0000000016e65000 15102       1       org.jetbrains.kotlin.load.java.typeEnhancement.NullabilityQualifierWithMigrationStatus::getQualifier (5 bytes)
Event: 6144.958 Thread 0x0000000016e65000 nmethod 15102 0x00000000047b3c50 code [0x00000000047b3da0, 0x00000000047b3eb0]
Event: 6144.958 Thread 0x0000000016e65000 15103       3       org.jetbrains.kotlin.load.java.lazy.ContextKt$copyWithNewDefaultTypeQualifiers$1::invoke (5 bytes)
Event: 6144.959 Thread 0x0000000016e65000 nmethod 15103 0x0000000003ece510 code [0x0000000003ece680, 0x0000000003ece8e8]

GC Heap History (10 events):
Event: 5873.780 GC heap before
{Heap before GC invocations=25 (full 4):
 PSYoungGen      total 102912K, used 74191K [0x00000000e0000000, 0x00000000e8680000, 0x0000000100000000)
  eden space 70144K, 99% used [0x00000000e0000000,0x00000000e447e178,0x00000000e4480000)
  from space 32768K, 12% used [0x00000000e6680000,0x00000000e6a75bc0,0x00000000e8680000)
  to   space 33792K, 0% used [0x00000000e4480000,0x00000000e4480000,0x00000000e6580000)
 ParOldGen       total 118272K, used 16188K [0x00000000a0000000, 0x00000000a7380000, 0x00000000e0000000)
  object space 118272K, 13% used [0x00000000a0000000,0x00000000a0fcf0b8,0x00000000a7380000)
 Metaspace       used 57378K, capacity 58821K, committed 59136K, reserved 1101824K
  class space    used 6485K, capacity 6774K, committed 6912K, reserved 1048576K
Event: 5873.796 GC heap after
Heap after GC invocations=25 (full 4):
 PSYoungGen      total 103936K, used 15695K [0x00000000e0000000, 0x00000000e8980000, 0x0000000100000000)
  eden space 70144K, 0% used [0x00000000e0000000,0x00000000e0000000,0x00000000e4480000)
  from space 33792K, 46% used [0x00000000e4480000,0x00000000e53d3d20,0x00000000e6580000)
  to   space 32256K, 0% used [0x00000000e6a00000,0x00000000e6a00000,0x00000000e8980000)
 ParOldGen       total 118272K, used 16196K [0x00000000a0000000, 0x00000000a7380000, 0x00000000e0000000)
  object space 118272K, 13% used [0x00000000a0000000,0x00000000a0fd10b8,0x00000000a7380000)
 Metaspace       used 57378K, capacity 58821K, committed 59136K, reserved 1101824K
  class space    used 6485K, capacity 6774K, committed 6912K, reserved 1048576K
}
Event: 5874.976 GC heap before
{Heap before GC invocations=26 (full 4):
 PSYoungGen      total 103936K, used 85839K [0x00000000e0000000, 0x00000000e8980000, 0x0000000100000000)
  eden space 70144K, 100% used [0x00000000e0000000,0x00000000e4480000,0x00000000e4480000)
  from space 33792K, 46% used [0x00000000e4480000,0x00000000e53d3d20,0x00000000e6580000)
  to   space 32256K, 0% used [0x00000000e6a00000,0x00000000e6a00000,0x00000000e8980000)
 ParOldGen       total 118272K, used 16196K [0x00000000a0000000, 0x00000000a7380000, 0x00000000e0000000)
  object space 118272K, 13% used [0x00000000a0000000,0x00000000a0fd10b8,0x00000000a7380000)
 Metaspace       used 60655K, capacity 62167K, committed 62336K, reserved 1103872K
  class space    used 6907K, capacity 7225K, committed 7296K, reserved 1048576K
Event: 5875.009 GC heap after
Heap after GC invocations=26 (full 4):
 PSYoungGen      total 104448K, used 30716K [0x00000000e0000000, 0x00000000e9380000, 0x0000000100000000)
  eden space 72192K, 0% used [0x00000000e0000000,0x00000000e0000000,0x00000000e4680000)
  from space 32256K, 95% used [0x00000000e6a00000,0x00000000e87ff0d0,0x00000000e8980000)
  to   space 36352K, 0% used [0x00000000e4680000,0x00000000e4680000,0x00000000e6a00000)
 ParOldGen       total 118272K, used 16204K [0x00000000a0000000, 0x00000000a7380000, 0x00000000e0000000)
  object space 118272K, 13% used [0x00000000a0000000,0x00000000a0fd30b8,0x00000000a7380000)
 Metaspace       used 60655K, capacity 62167K, committed 62336K, reserved 1103872K
  class space    used 6907K, capacity 7225K, committed 7296K, reserved 1048576K
}
Event: 5875.753 GC heap before
{Heap before GC invocations=27 (full 4):
 PSYoungGen      total 104448K, used 102908K [0x00000000e0000000, 0x00000000e9380000, 0x0000000100000000)
  eden space 72192K, 100% used [0x00000000e0000000,0x00000000e4680000,0x00000000e4680000)
  from space 32256K, 95% used [0x00000000e6a00000,0x00000000e87ff0d0,0x00000000e8980000)
  to   space 36352K, 0% used [0x00000000e4680000,0x00000000e4680000,0x00000000e6a00000)
 ParOldGen       total 118272K, used 16204K [0x00000000a0000000, 0x00000000a7380000, 0x00000000e0000000)
  object space 118272K, 13% used [0x00000000a0000000,0x00000000a0fd30b8,0x00000000a7380000)
 Metaspace       used 61454K, capacity 63003K, committed 63232K, reserved 1105920K
  class space    used 6984K, capacity 7313K, committed 7424K, reserved 1048576K
Event: 5875.796 GC heap after
Heap after GC invocations=27 (full 4):
 PSYoungGen      total 108544K, used 36334K [0x00000000e0000000, 0x00000000ea500000, 0x0000000100000000)
  eden space 72192K, 0% used [0x00000000e0000000,0x00000000e0000000,0x00000000e4680000)
  from space 36352K, 99% used [0x00000000e4680000,0x00000000e69fb890,0x00000000e6a00000)
  to   space 42496K, 0% used [0x00000000e7b80000,0x00000000e7b80000,0x00000000ea500000)
 ParOldGen       total 118272K, used 19255K [0x00000000a0000000, 0x00000000a7380000, 0x00000000e0000000)
  object space 118272K, 16% used [0x00000000a0000000,0x00000000a12cdf80,0x00000000a7380000)
 Metaspace       used 61454K, capacity 63003K, committed 63232K, reserved 1105920K
  class space    used 6984K, capacity 7313K, committed 7424K, reserved 1048576K
}
Event: 5876.360 GC heap before
{Heap before GC invocations=28 (full 4):
 PSYoungGen      total 108544K, used 108526K [0x00000000e0000000, 0x00000000ea500000, 0x0000000100000000)
  eden space 72192K, 100% used [0x00000000e0000000,0x00000000e4680000,0x00000000e4680000)
  from space 36352K, 99% used [0x00000000e4680000,0x00000000e69fb890,0x00000000e6a00000)
  to   space 42496K, 0% used [0x00000000e7b80000,0x00000000e7b80000,0x00000000ea500000)
 ParOldGen       total 118272K, used 19255K [0x00000000a0000000, 0x00000000a7380000, 0x00000000e0000000)
  object space 118272K, 16% used [0x00000000a0000000,0x00000000a12cdf80,0x00000000a7380000)
 Metaspace       used 61996K, capacity 63581K, committed 63872K, reserved 1105920K
  class space    used 7047K, capacity 7418K, committed 7552K, reserved 1048576K
Event: 5876.421 GC heap after
Heap after GC invocations=28 (full 4):
 PSYoungGen      total 116736K, used 42464K [0x00000000e0000000, 0x00000000ebb80000, 0x0000000100000000)
  eden space 74240K, 0% used [0x00000000e0000000,0x00000000e0000000,0x00000000e4880000)
  from space 42496K, 99% used [0x00000000e7b80000,0x00000000ea4f8188,0x00000000ea500000)
  to   space 52224K, 0% used [0x00000000e4880000,0x00000000e4880000,0x00000000e7b80000)
 ParOldGen       total 118272K, used 28068K [0x00000000a0000000, 0x00000000a7380000, 0x00000000e0000000)
  object space 118272K, 23% used [0x00000000a0000000,0x00000000a1b69270,0x00000000a7380000)
 Metaspace       used 61996K, capacity 63581K, committed 63872K, reserved 1105920K
  class space    used 7047K, capacity 7418K, committed 7552K, reserved 1048576K
}
Event: 6144.765 GC heap before
{Heap before GC invocations=29 (full 4):
 PSYoungGen      total 116736K, used 116704K [0x00000000e0000000, 0x00000000ebb80000, 0x0000000100000000)
  eden space 74240K, 100% used [0x00000000e0000000,0x00000000e4880000,0x00000000e4880000)
  from space 42496K, 99% used [0x00000000e7b80000,0x00000000ea4f8188,0x00000000ea500000)
  to   space 52224K, 0% used [0x00000000e4880000,0x00000000e4880000,0x00000000e7b80000)
 ParOldGen       total 118272K, used 28068K [0x00000000a0000000, 0x00000000a7380000, 0x00000000e0000000)
  object space 118272K, 23% used [0x00000000a0000000,0x00000000a1b69270,0x00000000a7380000)
 Metaspace       used 62592K, capacity 64315K, committed 64640K, reserved 1105920K
  class space    used 7106K, capacity 7463K, committed 7552K, reserved 1048576K
Event: 6144.826 GC heap after
Heap after GC invocations=29 (full 4):
 PSYoungGen      total 126464K, used 52196K [0x00000000e0000000, 0x00000000ece00000, 0x0000000100000000)
  eden space 74240K, 0% used [0x00000000e0000000,0x00000000e0000000,0x00000000e4880000)
  from space 52224K, 99% used [0x00000000e4880000,0x00000000e7b79060,0x00000000e7b80000)
  to   space 61440K, 0% used [0x00000000e9200000,0x00000000e9200000,0x00000000ece00000)
 ParOldGen       total 118272K, used 31033K [0x00000000a0000000, 0x00000000a7380000, 0x00000000e0000000)
  object space 118272K, 26% used [0x00000000a0000000,0x00000000a1e4e688,0x00000000a7380000)
 Metaspace       used 62592K, capacity 64315K, committed 64640K, reserved 1105920K
  class space    used 7106K, capacity 7463K, committed 7552K, reserved 1048576K
}

Deoptimization events (10 events):
Event: 5876.729 Thread 0x0000000019314800 Uncommon trap: reason=bimorphic action=maybe_recompile pc=0x00000000054b98a4 method=org.jetbrains.org.objectweb.asm.tree.analysis.Frame.execute(Lorg/jetbrains/org/objectweb/asm/tree/AbstractInsnNode;Lorg/jetbrains/org/objectweb/asm/tree/analysis/Interpret
Event: 5876.729 Thread 0x0000000019314800 Uncommon trap: reason=bimorphic action=maybe_recompile pc=0x00000000054b98a4 method=org.jetbrains.org.objectweb.asm.tree.analysis.Frame.execute(Lorg/jetbrains/org/objectweb/asm/tree/AbstractInsnNode;Lorg/jetbrains/org/objectweb/asm/tree/analysis/Interpret
Event: 5876.729 Thread 0x0000000019314800 Uncommon trap: reason=bimorphic action=maybe_recompile pc=0x00000000054b98a4 method=org.jetbrains.org.objectweb.asm.tree.analysis.Frame.execute(Lorg/jetbrains/org/objectweb/asm/tree/AbstractInsnNode;Lorg/jetbrains/org/objectweb/asm/tree/analysis/Interpret
Event: 5876.729 Thread 0x0000000019314800 Uncommon trap: reason=bimorphic action=maybe_recompile pc=0x00000000054b98a4 method=org.jetbrains.org.objectweb.asm.tree.analysis.Frame.execute(Lorg/jetbrains/org/objectweb/asm/tree/AbstractInsnNode;Lorg/jetbrains/org/objectweb/asm/tree/analysis/Interpret
Event: 5876.730 Thread 0x0000000019314800 Uncommon trap: reason=unstable_if action=reinterpret pc=0x0000000005067f7c method=org.jetbrains.kotlin.utils.SmartSet.add(Ljava/lang/Object;)Z @ 31
Event: 5876.780 Thread 0x0000000019314800 Uncommon trap: reason=unstable_if action=reinterpret pc=0x000000000607abc4 method=org.jetbrains.kotlin.resolve.calls.callUtil.CallUtilKt.getCalleeExpressionIfAny(Lorg/jetbrains/kotlin/psi/KtElement;)Lorg/jetbrains/kotlin/psi/KtExpression; @ 4
Event: 5876.817 Thread 0x0000000019314800 Uncommon trap: reason=unloaded action=reinterpret pc=0x00000000056137e4 method=org.jetbrains.kotlin.codegen.optimization.common.OptimizationBasicInterpreter.unaryOperation(Lorg/jetbrains/org/objectweb/asm/tree/AbstractInsnNode;Lorg/jetbrains/org/objectweb
Event: 5876.847 Thread 0x0000000019314800 Uncommon trap: reason=unstable_if action=reinterpret pc=0x0000000004f9088c method=java.lang.String.contains(Ljava/lang/CharSequence;)Z @ 11
Event: 5876.875 Thread 0x0000000019314800 Uncommon trap: reason=unstable_if action=reinterpret pc=0x000000000576a83c method=java.io.ObjectOutputStream$BlockDataOutputStream.writeBytes(Ljava/lang/String;)V @ 22
Event: 6144.884 Thread 0x0000000019314000 Uncommon trap: reason=unstable_if action=reinterpret pc=0x0000000004e1c9c8 method=org.jetbrains.kotlin.types.checker.StrictEqualityTypeChecker.strictEqualTypes(Lorg/jetbrains/kotlin/types/SimpleType;Lorg/jetbrains/kotlin/types/SimpleType;)Z @ 187

Classes redefined (0 events):
No events

Internal exceptions (10 events):
Event: 5873.983 Thread 0x0000000019314800 Exception <a 'java/lang/NoSuchMethodError': java.lang.Object.lambda$static$0(I)[Lorg/jetbrains/kotlin/com/intellij/psi/PsiTypeElement;> (0x00000000e067fa10) thrown at [D:\src\AOSP-openjdk-cygwin\jdk8u\hotspot\src\share\vm\interpreter\linkResolver.cpp, lin
Event: 5874.042 Thread 0x0000000019314800 Exception <a 'java/lang/NoSuchMethodError': java.lang.Object.lambda$static$0(I)[Lorg/jetbrains/kotlin/com/intellij/psi/PsiTypeParameter;> (0x00000000e0ae4108) thrown at [D:\src\AOSP-openjdk-cygwin\jdk8u\hotspot\src\share\vm\interpreter\linkResolver.cpp, l
Event: 5874.061 Thread 0x0000000019314800 Exception <a 'java/lang/NoSuchMethodError': java.lang.Object.lambda$static$0(I)[Lorg/jetbrains/kotlin/com/intellij/psi/PsiMethod;> (0x00000000e0b65b40) thrown at [D:\src\AOSP-openjdk-cygwin\jdk8u\hotspot\src\share\vm\interpreter\linkResolver.cpp, line 584
Event: 5874.062 Thread 0x0000000019314800 Exception <a 'java/lang/NoSuchMethodError': java.lang.Object.lambda$static$0(I)[Lorg/jetbrains/kotlin/com/intellij/psi/PsiField;> (0x00000000e0b708e0) thrown at [D:\src\AOSP-openjdk-cygwin\jdk8u\hotspot\src\share\vm\interpreter\linkResolver.cpp, line 584]
Event: 5874.092 Thread 0x0000000019314800 Exception <a 'java/lang/NoSuchMethodError': java.lang.Object.lambda$static$0(I)[Lorg/jetbrains/kotlin/com/intellij/psi/PsiJavaCodeReferenceElement;> (0x00000000e0c629e8) thrown at [D:\src\AOSP-openjdk-cygwin\jdk8u\hotspot\src\share\vm\interpreter\linkReso
Event: 5875.522 Thread 0x0000000019314800 Implicit null exception at 0x0000000005c3edef to 0x0000000005c3f2d9
Event: 5875.524 Thread 0x0000000019314800 Implicit null exception at 0x00000000050e6b91 to 0x00000000050e6cc9
Event: 5875.837 Thread 0x0000000019314800 Exception <a 'sun/nio/fs/WindowsException'> (0x00000000e0087c10) thrown at [D:\src\AOSP-openjdk-cygwin\jdk8u\hotspot\src\share\vm\prims\jni.cpp, line 709]
Event: 6144.491 Thread 0x0000000019311800 Exception <a 'java/lang/InterruptedException'> (0x00000000e2bbd7c0) thrown at [D:\src\AOSP-openjdk-cygwin\jdk8u\hotspot\src\share\vm\runtime\objectMonitor.cpp, line 1684]
Event: 6144.496 Thread 0x0000000019314000 Exception <a 'sun/nio/fs/WindowsException'> (0x00000000e2b98688) thrown at [D:\src\AOSP-openjdk-cygwin\jdk8u\hotspot\src\share\vm\prims\jni.cpp, line 709]

Events (10 events):
Event: 6144.826 Executing VM operation: ParallelGCFailedAllocation done
Event: 6144.826 Executing VM operation: RevokeBias
Event: 6144.826 Executing VM operation: RevokeBias done
Event: 6144.826 Executing VM operation: RevokeBias
Event: 6144.827 Executing VM operation: RevokeBias done
Event: 6144.827 Executing VM operation: BulkRevokeBias
Event: 6144.827 Executing VM operation: BulkRevokeBias done
Event: 6144.884 Thread 0x0000000019314000 Uncommon trap: trap_request=0xffffff65 fr.pc=0x0000000004e1c9c8
Event: 6144.884 Thread 0x0000000019314000 DEOPT PACKING pc=0x0000000004e1c9c8 sp=0x000000002401a8b0
Event: 6144.884 Thread 0x0000000019314000 DEOPT UNPACKING pc=0x000000000353557b sp=0x000000002401a888 mode 2


Dynamic libraries:
0x00007ff683be0000 - 0x00007ff683c11000 	C:\Program Files\Android\Android Studio\jre\jre\bin\java.exe
0x00007ffeadbf0000 - 0x00007ffeaddd1000 	C:\WINDOWS\SYSTEM32\ntdll.dll
0x00007ffeab080000 - 0x00007ffeab132000 	C:\WINDOWS\System32\KERNEL32.DLL
0x00007ffea9fe0000 - 0x00007ffeaa253000 	C:\WINDOWS\System32\KERNELBASE.dll
0x00007ffead2a0000 - 0x00007ffead341000 	C:\WINDOWS\System32\ADVAPI32.dll
0x00007ffead7a0000 - 0x00007ffead83e000 	C:\WINDOWS\System32\msvcrt.dll
0x00007ffead240000 - 0x00007ffead29b000 	C:\WINDOWS\System32\sechost.dll
0x00007ffeaba40000 - 0x00007ffeabb64000 	C:\WINDOWS\System32\RPCRT4.dll
0x00007ffead3e0000 - 0x00007ffead570000 	C:\WINDOWS\System32\USER32.dll
0x00007ffea9fc0000 - 0x00007ffea9fe0000 	C:\WINDOWS\System32\win32u.dll
0x00007ffeab990000 - 0x00007ffeab9b8000 	C:\WINDOWS\System32\GDI32.dll
0x00007ffeaaee0000 - 0x00007ffeab072000 	C:\WINDOWS\System32\gdi32full.dll
0x00007ffeaad90000 - 0x00007ffeaae2f000 	C:\WINDOWS\System32\msvcp_win.dll
0x00007ffeaa4b0000 - 0x00007ffeaa5aa000 	C:\WINDOWS\System32\ucrtbase.dll
0x00007ffe8b290000 - 0x00007ffe8b4f9000 	C:\WINDOWS\WinSxS\amd64_microsoft.windows.common-controls_6595b64144ccf1df_6.0.17134.285_none_fb4297e330656775\COMCTL32.dll
0x00007ffeab5f0000 - 0x00007ffeab913000 	C:\WINDOWS\System32\combase.dll
0x00007ffeaacc0000 - 0x00007ffeaad3a000 	C:\WINDOWS\System32\bcryptPrimitives.dll
0x00007ffead350000 - 0x00007ffead37d000 	C:\WINDOWS\System32\IMM32.DLL
0x0000000055110000 - 0x00000000551e2000 	C:\Program Files\Android\Android Studio\jre\jre\bin\msvcr100.dll
0x00000000543b0000 - 0x0000000054bef000 	C:\Program Files\Android\Android Studio\jre\jre\bin\server\jvm.dll
0x00007ffeadbb0000 - 0x00007ffeadbb8000 	C:\WINDOWS\System32\PSAPI.DLL
0x00007ffe9e760000 - 0x00007ffe9e783000 	C:\WINDOWS\SYSTEM32\WINMM.dll
0x00007ffea3370000 - 0x00007ffea337a000 	C:\WINDOWS\SYSTEM32\VERSION.dll
0x00007ffea8b00000 - 0x00007ffea8b09000 	C:\WINDOWS\SYSTEM32\WSOCK32.dll
0x00007ffeabb70000 - 0x00007ffeabbdc000 	C:\WINDOWS\System32\WS2_32.dll
0x00007ffe9e550000 - 0x00007ffe9e57a000 	C:\WINDOWS\SYSTEM32\WINMMBASE.dll
0x00007ffeaad40000 - 0x00007ffeaad89000 	C:\WINDOWS\System32\cfgmgr32.dll
0x00007ffea4c60000 - 0x00007ffea4c6f000 	C:\Program Files\Android\Android Studio\jre\jre\bin\verify.dll
0x00007ffe9cbe0000 - 0x00007ffe9cc09000 	C:\Program Files\Android\Android Studio\jre\jre\bin\java.dll
0x00007ffe9e5a0000 - 0x00007ffe9e5b6000 	C:\Program Files\Android\Android Studio\jre\jre\bin\zip.dll
0x00007ffeabbe0000 - 0x00007ffead020000 	C:\WINDOWS\System32\SHELL32.dll
0x00007ffead570000 - 0x00007ffead619000 	C:\WINDOWS\System32\shcore.dll
0x00007ffeaa5b0000 - 0x00007ffeaacbd000 	C:\WINDOWS\System32\windows.storage.dll
0x00007ffead380000 - 0x00007ffead3d1000 	C:\WINDOWS\System32\shlwapi.dll
0x00007ffea9fa0000 - 0x00007ffea9fb1000 	C:\WINDOWS\System32\kernel.appcore.dll
0x00007ffea9f80000 - 0x00007ffea9f9f000 	C:\WINDOWS\System32\profapi.dll
0x00007ffea9f30000 - 0x00007ffea9f7c000 	C:\WINDOWS\System32\powrprof.dll
0x00007ffea9f20000 - 0x00007ffea9f2a000 	C:\WINDOWS\System32\FLTLIB.DLL
0x00007ffea26b0000 - 0x00007ffea26bd000 	C:\Program Files\Android\Android Studio\jre\jre\bin\management.dll
0x00007ffe98440000 - 0x00007ffe9845a000 	C:\Program Files\Android\Android Studio\jre\jre\bin\net.dll
0x00007ffea9720000 - 0x00007ffea9786000 	C:\WINDOWS\system32\mswsock.dll
0x00007ffe97970000 - 0x00007ffe97981000 	C:\Program Files\Android\Android Studio\jre\jre\bin\nio.dll
0x00007ffea98d0000 - 0x00007ffea98e7000 	C:\WINDOWS\SYSTEM32\CRYPTSP.dll
0x00007ffea9300000 - 0x00007ffea9333000 	C:\WINDOWS\system32\rsaenh.dll
0x00007ffea9a60000 - 0x00007ffea9a85000 	C:\WINDOWS\SYSTEM32\bcrypt.dll
0x00007ffea9e00000 - 0x00007ffea9e28000 	C:\WINDOWS\SYSTEM32\USERENV.dll
0x00007ffea98f0000 - 0x00007ffea98fb000 	C:\WINDOWS\SYSTEM32\CRYPTBASE.dll
0x00007ffea94a0000 - 0x00007ffea94d8000 	C:\WINDOWS\SYSTEM32\IPHLPAPI.DLL
0x00007ffeab920000 - 0x00007ffeab928000 	C:\WINDOWS\System32\NSI.dll
0x00007ffea26c0000 - 0x00007ffea26d6000 	C:\WINDOWS\SYSTEM32\dhcpcsvc6.DLL
0x00007ffea2650000 - 0x00007ffea266a000 	C:\WINDOWS\SYSTEM32\dhcpcsvc.DLL

VM Arguments:
jvm_args: -Djava.awt.headless=true -Djava.rmi.server.hostname=localhost -Xmx1536m -Dkotlin.environment.keepalive 
java_command: org.jetbrains.kotlin.daemon.KotlinCompileDaemon --daemon-runFilesPath C:\Users\anime\AppData\Local\kotlin\daemon --daemon-autoshutdownIdleSeconds=7200 --daemon-compilerClasspath C:\Users\anime\.gradle\caches\modules-2\files-2.1\org.jetbrains.kotlin\kotlin-compiler-embeddable\1.2.41\e439cfdc216b070ebd454da892447f5dca96a934\kotlin-compiler-embeddable-1.2.41.jar;C:\Users\anime\.gradle\caches\modules-2\files-2.1\org.jetbrains.kotlin\kotlin-stdlib\1.2.41\7e34f009642702250bccd9e5255866f408962a05\kotlin-stdlib-1.2.41.jar;C:\Users\anime\.gradle\caches\modules-2\files-2.1\org.jetbrains.kotlin\kotlin-script-runtime\1.2.41\e291b12913910c260ce878f9a76c84203cf710a1\kotlin-script-runtime-1.2.41.jar;C:\Users\anime\.gradle\caches\modules-2\files-2.1\org.jetbrains.kotlin\kotlin-reflect\1.2.41\e4d6728a4fa55dbfb510aeea25c072c7c51d94\kotlin-reflect-1.2.41.jar;C:\Program Files\Android\Android Studio\jre\lib\tools.jar
java_class_path (initial): C:\Users\anime\.gradle\caches\modules-2\files-2.1\org.jetbrains.kotlin\kotlin-compiler-embeddable\1.2.41\e439cfdc216b070ebd454da892447f5dca96a934\kotlin-compiler-embeddable-1.2.41.jar;C:\Users\anime\.gradle\caches\modules-2\files-2.1\org.jetbrains.kotlin\kotlin-stdlib\1.2.41\7e34f009642702250bccd9e5255866f408962a05\kotlin-stdlib-1.2.41.jar;C:\Users\anime\.gradle\caches\modules-2\files-2.1\org.jetbrains.kotlin\kotlin-script-runtime\1.2.41\e291b12913910c260ce878f9a76c84203cf710a1\kotlin-script-runtime-1.2.41.jar;C:\Users\anime\.gradle\caches\modules-2\files-2.1\org.jetbrains.kotlin\kotlin-reflect\1.2.41\e4d6728a4fa55dbfb510aeea25c072c7c51d94\kotlin-reflect-1.2.41.jar;C:\Program Files\Android\Android Studio\jre\lib\tools.jar
Launcher Type: SUN_STANDARD

Environment Variables:
PATH=C:\ProgramData\Oracle\Java\javapath;C:\Windows\system32;C:\Windows;C:\Windows\System32\Wbem;C:\Windows\System32\WindowsPowerShell\v1.0\;C:\xampp\php;C:\ProgramData\ComposerSetup\bin;C:\Program Files (x86)\NVIDIA Corporation\PhysX\Common;C:\WINDOWS\system32;C:\WINDOWS;C:\WINDOWS\System32\Wbem;C:\WINDOWS\System32\WindowsPowerShell\v1.0\;C:\Program Files\Microsoft SQL Server\Client SDK\ODBC\130\Tools\Binn\;C:\Program Files (x86)\Microsoft SQL Server\140\Tools\Binn\;C:\Program Files\Microsoft SQL Server\140\Tools\Binn\;C:\Program Files\Microsoft SQL Server\140\DTS\Binn\;C:\WINDOWS\system32\config\systemprofile\.dnx\bin;C:\Program Files\Microsoft DNX\Dnvm\;C:\Program Files\Microsoft SQL Server\130\Tools\Binn\;C:\Program Files\Microsoft SQL Server\120\Tools\Binn\;C:\Program Files\Microsoft SQL Server\Client SDK\ODBC\110\Tools\Binn\;C:\Program Files (x86)\Microsoft SQL Server\120\Tools\Binn\;C:\Program Files\Microsoft SQL Server\120\DTS\Binn\;C:\Program Files (x86)\Microsoft SQL Server\120\Tools\Binn\ManagementStudio\;C:\Program Files (x86)\Microsoft SQL Server\120\DTS\Binn\;C:\WINDOWS\System32\OpenSSH\;C:\Users\anime\AppData\Local\Microsoft\WindowsApps;C:\Users\anime\AppData\Local\GitHubDesktop\bin;C:\Users\anime\AppData\Roaming\Composer\vendor\bin;C:\Users\anime\AppData\Local\Google\Cloud SDK\google-cloud-sdk\bin;C:\Users\anime\AppData\Local\atom\bin;%USERPROFILE%\AppData\Local\Microsoft\WindowsApps;
USERNAME=anime
OS=Windows_NT
PROCESSOR_IDENTIFIER=Intel64 Family 6 Model 78 Stepping 3, GenuineIntel



---------------  S Y S T E M  ---------------

OS: Windows 10.0 , 64 bit Build 17134 (10.0.17134.1)

CPU:total 4 (initial active 4) (2 cores per cpu, 2 threads per core) family 6 model 78 stepping 3, cmov, cx8, fxsr, mmx, sse, sse2, sse3, ssse3, sse4.1, sse4.2, popcnt, avx, avx2, aes, clmul, erms, 3dnowpref, lzcnt, ht, tsc, tscinvbit, bmi1, bmi2, adx

Memory: 4k page, physical 8253820k(849844k free), swap 8253820k(3128k free)

vm_info: OpenJDK 64-Bit Server VM (25.152-b02) for windows-amd64 JRE (1.8.0_152-release-1024-b02), built by "builder" with MS VC++ 10.0 (VS2010)

time: Sat Sep 15 21:52:14 2018
elapsed time: 6145 seconds (0d 1h 42m 25s)

