#
# There is insufficient memory for the Java Runtime Environment to continue.
# Native memory allocation (malloc) failed to allocate 606048 bytes for Chunk::new
# Possible reasons:
#   The system is out of physical RAM or swap space
#   In 32 bit mode, the process size limit was hit
# Possible solutions:
#   Reduce memory load on the system
#   Increase physical memory or swap space
#   Check if swap backing store is full
#   Use 64 bit Java on a 64 bit OS
#   Decrease Java heap size (-Xmx/-Xms)
#   Decrease number of Java threads
#   Decrease Java thread stack sizes (-Xss)
#   Set larger code cache with -XX:ReservedCodeCacheSize=
# This output file may be truncated or incomplete.
#
#  Out of Memory Error (allocation.cpp:390), pid=11732, tid=0x0000000000003a00
#
# JRE version: OpenJDK Runtime Environment (8.0_152-b02) (build 1.8.0_152-release-1024-b02)
# Java VM: OpenJDK 64-Bit Server VM (25.152-b02 mixed mode windows-amd64 compressed oops)
# Failed to write core dump. Minidumps are not enabled by default on client versions of Windows
#

---------------  T H R E A D  ---------------

Current thread (0x0000000016429800):  JavaThread "C2 CompilerThread1" daemon [_thread_in_native, id=14848, stack(0x0000000017ba0000,0x0000000017ca0000)]

Stack: [0x0000000017ba0000,0x0000000017ca0000]
[error occurred during error reporting (printing stack bounds), id 0xc0000005]

Native frames: (J=compiled Java code, j=interpreted, Vv=VM code, C=native code)


Current CompileTask:
C2:5671398 17046       4       com.android.tools.r8.ir.conversion.IRBuilder::addInstruction (358 bytes)


---------------  P R O C E S S  ---------------

Java Threads: ( => current thread )
  0x000000001e9a7000 JavaThread "pool-40-thread-2" [_thread_blocked, id=11008, stack(0x000000002e1f0000,0x000000002e2f0000)]
  0x000000001bd35000 JavaThread "pool-40-thread-1" [_thread_in_Java, id=7520, stack(0x000000002e0f0000,0x000000002e1f0000)]
  0x000000001bd34800 JavaThread "pool-39-thread-2" [_thread_blocked, id=12868, stack(0x000000002def0000,0x000000002dff0000)]
  0x000000001b72f000 JavaThread "pool-39-thread-1" [_thread_blocked, id=14148, stack(0x000000002ddf0000,0x000000002def0000)]
  0x000000001b72e000 JavaThread "pool-37-thread-2" [_thread_in_Java, id=3404, stack(0x000000002dbf0000,0x000000002dcf0000)]
  0x000000001b724000 JavaThread "pool-37-thread-1" [_thread_blocked, id=8860, stack(0x000000002daf0000,0x000000002dbf0000)]
  0x000000001e9a4000 JavaThread "ForkJoinPool.commonPool-worker-1" daemon [_thread_blocked, id=12672, stack(0x000000002d5f0000,0x000000002d6f0000)]
  0x000000001e9a3800 JavaThread "ForkJoinPool.commonPool-worker-0" daemon [_thread_blocked, id=3444, stack(0x000000002d4f0000,0x000000002d5f0000)]
  0x000000001e9a2000 JavaThread "ForkJoinPool.commonPool-worker-3" daemon [_thread_blocked, id=9588, stack(0x000000002d3f0000,0x000000002d4f0000)]
  0x000000001e9a6800 JavaThread "Cache worker for Java compile cache (C:\Users\anime\Documents\GitHub\ChessTactics\.gradle\4.4\javaCompile)" [_thread_blocked, id=13660, stack(0x000000002d2f0000,0x000000002d3f0000)]
  0x000000001bd33800 JavaThread "Task worker for ':' Thread 3" [_thread_blocked, id=13520, stack(0x000000002b6f0000,0x000000002b7f0000)]
  0x000000001bd36000 JavaThread "Task worker for ':' Thread 2" [_thread_blocked, id=10608, stack(0x000000002b5f0000,0x000000002b6f0000)]
  0x000000001bd32000 JavaThread "Task worker for ':'" [_thread_blocked, id=11044, stack(0x000000002b4f0000,0x000000002b5f0000)]
  0x000000001bd30800 JavaThread "Cache worker for Build Output Cleanup Cache (C:\Users\anime\Documents\GitHub\ChessTactics\.gradle\buildOutputCleanup)" [_thread_blocked, id=13720, stack(0x000000002b3f0000,0x000000002b4f0000)]
  0x000000001bd33000 JavaThread "Cache worker for task history cache (C:\Users\anime\Documents\GitHub\ChessTactics\.gradle\4.4\taskHistory)" [_thread_blocked, id=8032, stack(0x000000002b2f0000,0x000000002b3f0000)]
  0x000000001bd29000 JavaThread "Cache worker for file content cache (C:\Users\anime\Documents\GitHub\ChessTactics\.gradle\4.4\fileContent)" [_thread_blocked, id=9664, stack(0x000000002b1f0000,0x000000002b2f0000)]
  0x000000001bd30000 JavaThread "build operations Thread 4" [_thread_blocked, id=2380, stack(0x000000002b0f0000,0x000000002b1f0000)]
  0x000000001bd28800 JavaThread "build operations Thread 3" [_thread_blocked, id=9180, stack(0x000000002aff0000,0x000000002b0f0000)]
  0x000000001bd2a000 JavaThread "build operations Thread 2" [_thread_blocked, id=1716, stack(0x000000002aef0000,0x000000002aff0000)]
  0x000000001bd2f000 JavaThread "build operations" [_thread_blocked, id=11748, stack(0x000000002adf0000,0x000000002aef0000)]
  0x000000001bd27000 JavaThread "Cache worker for Artifact transforms cache (C:\Users\anime\.gradle\caches\transforms-1)" [_thread_blocked, id=13704, stack(0x000000002acf0000,0x000000002adf0000)]
  0x000000001bd2a800 JavaThread "Cache worker for file hash cache (C:\Users\anime\Documents\GitHub\ChessTactics\.gradle\4.4\fileHashes)" [_thread_blocked, id=9156, stack(0x000000002abf0000,0x000000002acf0000)]
  0x000000001bd27800 JavaThread "Stdin handler" [_thread_blocked, id=11592, stack(0x000000002aaf0000,0x000000002abf0000)]
  0x000000001bd2d000 JavaThread "Asynchronous log dispatcher for DefaultDaemonConnection: socket connection from /127.0.0.1:5666 to /127.0.0.1:5903" [_thread_blocked, id=8060, stack(0x000000002a9f0000,0x000000002aaf0000)]
  0x000000001bd2b800 JavaThread "Daemon worker Thread 3" [_thread_blocked, id=232, stack(0x000000002a8f0000,0x000000002a9f0000)]
  0x000000001bd2c000 JavaThread "Cancel handler" [_thread_blocked, id=5464, stack(0x000000002a7f0000,0x000000002a8f0000)]
  0x000000001bd2d800 JavaThread "Handler for socket connection from /127.0.0.1:5666 to /127.0.0.1:5903" [_thread_in_native, id=7480, stack(0x000000002a6f0000,0x000000002a7f0000)]
  0x000000001cead000 JavaThread "Daemon Thread 3" [_thread_blocked, id=2420, stack(0x000000002a5f0000,0x000000002a6f0000)]
  0x000000001b72c800 JavaThread "RMI TCP Connection(2)-127.0.0.1" daemon [_thread_in_native, id=14820, stack(0x0000000028ef0000,0x0000000028ff0000)]
  0x000000001b725000 JavaThread "RMI Reaper" [_thread_blocked, id=11528, stack(0x0000000028df0000,0x0000000028ef0000)]
  0x000000001b72c000 JavaThread "RMI TCP Accept-0" daemon [_thread_in_native, id=11092, stack(0x0000000028cf0000,0x0000000028df0000)]
  0x000000001b72b000 JavaThread "GC Daemon" daemon [_thread_blocked, id=4668, stack(0x0000000028bf0000,0x0000000028cf0000)]
  0x000000001b723800 JavaThread "RMI RenewClean-[localhost:17498,org.jetbrains.kotlin.daemon.common.LoopbackNetworkInterface$ClientLoopbackSocketFactory@38ac32c]" daemon [_thread_blocked, id=13652, stack(0x0000000028af0000,0x0000000028bf0000)]
  0x000000001b72a800 JavaThread "RMI Scheduler(0)" daemon [_thread_blocked, id=11356, stack(0x00000000289f0000,0x0000000028af0000)]
  0x000000001b726800 JavaThread "Memory manager" [_thread_blocked, id=1560, stack(0x0000000021900000,0x0000000021a00000)]
  0x000000001938a000 JavaThread "File lock request listener" [_thread_in_native, id=11248, stack(0x000000001af10000,0x000000001b010000)]
  0x00000000194fd000 JavaThread "Cache worker for file hash cache (C:\Users\anime\.gradle\caches\4.4\fileHashes)" [_thread_blocked, id=6256, stack(0x000000001ae10000,0x000000001af10000)]
  0x0000000019448800 JavaThread "Daemon periodic checks" [_thread_blocked, id=9560, stack(0x000000001a310000,0x000000001a410000)]
  0x0000000019421800 JavaThread "Incoming local TCP Connector on port 5666" [_thread_in_native, id=6212, stack(0x000000001a0b0000,0x000000001a1b0000)]
  0x0000000017dd0800 JavaThread "Service Thread" daemon [_thread_blocked, id=3396, stack(0x00000000181a0000,0x00000000182a0000)]
  0x0000000016433000 JavaThread "C1 CompilerThread2" daemon [_thread_blocked, id=11520, stack(0x0000000017ca0000,0x0000000017da0000)]
=>0x0000000016429800 JavaThread "C2 CompilerThread1" daemon [_thread_in_native, id=14848, stack(0x0000000017ba0000,0x0000000017ca0000)]
  0x0000000016439000 JavaThread "C2 CompilerThread0" daemon [_thread_in_vm, id=4976, stack(0x0000000017aa0000,0x0000000017ba0000)]
  0x0000000016437000 JavaThread "Attach Listener" daemon [_thread_blocked, id=10688, stack(0x00000000179a0000,0x0000000017aa0000)]
  0x0000000016436000 JavaThread "Signal Dispatcher" daemon [_thread_blocked, id=2680, stack(0x00000000178a0000,0x00000000179a0000)]
  0x000000001641e000 JavaThread "Finalizer" daemon [_thread_blocked, id=14352, stack(0x0000000017690000,0x0000000017790000)]
  0x0000000002a93000 JavaThread "Reference Handler" daemon [_thread_blocked, id=12676, stack(0x0000000017590000,0x0000000017690000)]
  0x000000000299e000 JavaThread "main" [_thread_blocked, id=13584, stack(0x0000000002880000,0x0000000002980000)]

Other Threads:
  0x00000000163f5800 VMThread [stack: 0x0000000017490000,0x0000000017590000] [id=14504]
  0x000000001648b000 WatcherThread [stack: 0x00000000182a0000,0x00000000183a0000] [id=15084]

VM state:not at safepoint (normal execution)

VM Mutex/Monitor currently owned by a thread: None

Heap:
 PSYoungGen      total 409088K, used 260811K [0x00000000e0000000, 0x00000000fb080000, 0x0000000100000000)
  eden space 375296K, 66% used [0x00000000e0000000,0x00000000ef243ef8,0x00000000f6e80000)
  from space 33792K, 37% used [0x00000000f6e80000,0x00000000f7aeee88,0x00000000f8f80000)
  to   space 22528K, 0% used [0x00000000f9a80000,0x00000000f9a80000,0x00000000fb080000)
 ParOldGen       total 134656K, used 99688K [0x00000000a0000000, 0x00000000a8380000, 0x00000000e0000000)
  object space 134656K, 74% used [0x00000000a0000000,0x00000000a615a080,0x00000000a8380000)
 Metaspace       used 86617K, capacity 90582K, committed 90840K, reserved 1128448K
  class space    used 11256K, capacity 12004K, committed 12032K, reserved 1048576K

Card table byte_map: [0x0000000011e60000,0x0000000012170000] byte_map_base: 0x0000000011960000

Marking Bits: (ParMarkBitMap*) 0x0000000070c14970
 Begin Bits: [0x0000000012770000, 0x0000000013f70000)
 End Bits:   [0x0000000013f70000, 0x0000000015770000)

Polling page: 0x0000000002830000

CodeCache: size=245760Kb used=43339Kb max_used=44165Kb free=202420Kb
 bounds [0x0000000002aa0000, 0x0000000005620000, 0x0000000011aa0000]
 total_blobs=14735 nmethods=13871 adapters=775
 compilation: enabled

Compilation events (10 events):
Event: 5670.803 Thread 0x0000000016433000 nmethod 17238 0x00000000051e0210 code [0x00000000051e03c0, 0x00000000051e0758]
Event: 5670.803 Thread 0x0000000016433000 17254       1       com.android.tools.r8.com.google.common.collect.AbstractMapBasedMultimap::access$000 (5 bytes)
Event: 5670.803 Thread 0x0000000016433000 nmethod 17254 0x00000000051d3a10 code [0x00000000051d3b60, 0x00000000051d3c50]
Event: 5670.804 Thread 0x0000000016433000 17245       1       com.android.tools.r8.ir.code.ConstClass::instructionTypeCanThrow (2 bytes)
Event: 5670.804 Thread 0x0000000016433000 nmethod 17245 0x0000000005240910 code [0x0000000005240a60, 0x0000000005240b70]
Event: 5670.804 Thread 0x0000000016433000 17233       2       com.android.tools.r8.ir.code.NewArrayEmpty::<init> (16 bytes)
Event: 5670.804 Thread 0x0000000016433000 nmethod 17233 0x00000000052a7210 code [0x00000000052a7380, 0x00000000052a7548]
Event: 5670.804 Thread 0x0000000016433000 17232       1       com.android.tools.r8.ir.code.CatchHandlers::getGuards (5 bytes)
Event: 5670.804 Thread 0x0000000016433000 nmethod 17232 0x000000000301df50 code [0x000000000301e0a0, 0x000000000301e1b0]
Event: 5670.804 Thread 0x0000000016433000 17255       2       com.android.tools.r8.it.unimi.dsi.fastutil.ints.IntArrayList::add (29 bytes)

GC Heap History (10 events):
Event: 5575.218 GC heap before
{Heap before GC invocations=19 (full 4):
 PSYoungGen      total 314880K, used 9967K [0x00000000e0000000, 0x00000000f5180000, 0x0000000100000000)
  eden space 304640K, 0% used [0x00000000e0000000,0x00000000e0000000,0x00000000f2980000)
  from space 10240K, 97% used [0x00000000f2980000,0x00000000f333bd50,0x00000000f3380000)
  to   space 20480K, 0% used [0x00000000f3d80000,0x00000000f3d80000,0x00000000f5180000)
 ParOldGen       total 134656K, used 45102K [0x00000000a0000000, 0x00000000a8380000, 0x00000000e0000000)
  object space 134656K, 33% used [0x00000000a0000000,0x00000000a2c0b818,0x00000000a8380000)
 Metaspace       used 70172K, capacity 72780K, committed 73176K, reserved 1112064K
  class space    used 9360K, capacity 9882K, committed 9984K, reserved 1048576K
Event: 5575.484 GC heap after
Heap after GC invocations=19 (full 4):
 PSYoungGen      total 314880K, used 0K [0x00000000e0000000, 0x00000000f5180000, 0x0000000100000000)
  eden space 304640K, 0% used [0x00000000e0000000,0x00000000e0000000,0x00000000f2980000)
  from space 10240K, 0% used [0x00000000f2980000,0x00000000f2980000,0x00000000f3380000)
  to   space 20480K, 0% used [0x00000000f3d80000,0x00000000f3d80000,0x00000000f5180000)
 ParOldGen       total 134656K, used 37275K [0x00000000a0000000, 0x00000000a8380000, 0x00000000e0000000)
  object space 134656K, 27% used [0x00000000a0000000,0x00000000a2466f90,0x00000000a8380000)
 Metaspace       used 69214K, capacity 71312K, committed 73176K, reserved 1112064K
  class space    used 9160K, capacity 9576K, committed 9984K, reserved 1048576K
}
Event: 5588.114 GC heap before
{Heap before GC invocations=20 (full 4):
 PSYoungGen      total 314880K, used 304640K [0x00000000e0000000, 0x00000000f5180000, 0x0000000100000000)
  eden space 304640K, 100% used [0x00000000e0000000,0x00000000f2980000,0x00000000f2980000)
  from space 10240K, 0% used [0x00000000f2980000,0x00000000f2980000,0x00000000f3380000)
  to   space 20480K, 0% used [0x00000000f3d80000,0x00000000f3d80000,0x00000000f5180000)
 ParOldGen       total 134656K, used 37275K [0x00000000a0000000, 0x00000000a8380000, 0x00000000e0000000)
  object space 134656K, 27% used [0x00000000a0000000,0x00000000a2466f90,0x00000000a8380000)
 Metaspace       used 79228K, capacity 82822K, committed 82904K, reserved 1120256K
  class space    used 10510K, capacity 11193K, committed 11264K, reserved 1048576K
Event: 5588.201 GC heap after
Heap after GC invocations=20 (full 4):
 PSYoungGen      total 325120K, used 20452K [0x00000000e0000000, 0x00000000f5180000, 0x0000000100000000)
  eden space 304640K, 0% used [0x00000000e0000000,0x00000000e0000000,0x00000000f2980000)
  from space 20480K, 99% used [0x00000000f3d80000,0x00000000f51792b8,0x00000000f5180000)
  to   space 10240K, 0% used [0x00000000f2980000,0x00000000f2980000,0x00000000f3380000)
 ParOldGen       total 134656K, used 70426K [0x00000000a0000000, 0x00000000a8380000, 0x00000000e0000000)
  object space 134656K, 52% used [0x00000000a0000000,0x00000000a44c6a60,0x00000000a8380000)
 Metaspace       used 79228K, capacity 82822K, committed 82904K, reserved 1120256K
  class space    used 10510K, capacity 11193K, committed 11264K, reserved 1048576K
}
Event: 5591.598 GC heap before
{Heap before GC invocations=21 (full 4):
 PSYoungGen      total 325120K, used 325052K [0x00000000e0000000, 0x00000000f5180000, 0x0000000100000000)
  eden space 304640K, 99% used [0x00000000e0000000,0x00000000f2975df0,0x00000000f2980000)
  from space 20480K, 99% used [0x00000000f3d80000,0x00000000f51792b8,0x00000000f5180000)
  to   space 10240K, 0% used [0x00000000f2980000,0x00000000f2980000,0x00000000f3380000)
 ParOldGen       total 134656K, used 70426K [0x00000000a0000000, 0x00000000a8380000, 0x00000000e0000000)
  object space 134656K, 52% used [0x00000000a0000000,0x00000000a44c6a60,0x00000000a8380000)
 Metaspace       used 79478K, capacity 83062K, committed 83160K, reserved 1122304K
  class space    used 10519K, capacity 11201K, committed 11264K, reserved 1048576K
Event: 5591.638 GC heap after
Heap after GC invocations=21 (full 4):
 PSYoungGen      total 314880K, used 7096K [0x00000000e0000000, 0x00000000fbc80000, 0x0000000100000000)
  eden space 304640K, 0% used [0x00000000e0000000,0x00000000e0000000,0x00000000f2980000)
  from space 10240K, 69% used [0x00000000f2980000,0x00000000f306e0b0,0x00000000f3380000)
  to   space 34816K, 0% used [0x00000000f9a80000,0x00000000f9a80000,0x00000000fbc80000)
 ParOldGen       total 134656K, used 94879K [0x00000000a0000000, 0x00000000a8380000, 0x00000000e0000000)
  object space 134656K, 70% used [0x00000000a0000000,0x00000000a5ca7df0,0x00000000a8380000)
 Metaspace       used 79478K, capacity 83062K, committed 83160K, reserved 1122304K
  class space    used 10519K, capacity 11201K, committed 11264K, reserved 1048576K
}
Event: 5591.685 GC heap before
{Heap before GC invocations=22 (full 4):
 PSYoungGen      total 314880K, used 310868K [0x00000000e0000000, 0x00000000fbc80000, 0x0000000100000000)
  eden space 304640K, 99% used [0x00000000e0000000,0x00000000f28a7040,0x00000000f2980000)
  from space 10240K, 69% used [0x00000000f2980000,0x00000000f306e0b0,0x00000000f3380000)
  to   space 34816K, 0% used [0x00000000f9a80000,0x00000000f9a80000,0x00000000fbc80000)
 ParOldGen       total 134656K, used 94879K [0x00000000a0000000, 0x00000000a8380000, 0x00000000e0000000)
  object space 134656K, 70% used [0x00000000a0000000,0x00000000a5ca7df0,0x00000000a8380000)
 Metaspace       used 79478K, capacity 83062K, committed 83160K, reserved 1122304K
  class space    used 10519K, capacity 11201K, committed 11264K, reserved 1048576K
Event: 5591.689 GC heap after
Heap after GC invocations=22 (full 4):
 PSYoungGen      total 397824K, used 6342K [0x00000000e0000000, 0x00000000fb080000, 0x0000000100000000)
  eden space 375296K, 0% used [0x00000000e0000000,0x00000000e0000000,0x00000000f6e80000)
  from space 22528K, 28% used [0x00000000f9a80000,0x00000000fa0b1b50,0x00000000fb080000)
  to   space 33792K, 0% used [0x00000000f6e80000,0x00000000f6e80000,0x00000000f8f80000)
 ParOldGen       total 134656K, used 94887K [0x00000000a0000000, 0x00000000a8380000, 0x00000000e0000000)
  object space 134656K, 70% used [0x00000000a0000000,0x00000000a5ca9df0,0x00000000a8380000)
 Metaspace       used 79478K, capacity 83062K, committed 83160K, reserved 1122304K
  class space    used 10519K, capacity 11201K, committed 11264K, reserved 1048576K
}
Event: 5666.525 GC heap before
{Heap before GC invocations=23 (full 4):
 PSYoungGen      total 397824K, used 381424K [0x00000000e0000000, 0x00000000fb080000, 0x0000000100000000)
  eden space 375296K, 99% used [0x00000000e0000000,0x00000000f6e4a8a8,0x00000000f6e80000)
  from space 22528K, 28% used [0x00000000f9a80000,0x00000000fa0b1b50,0x00000000fb080000)
  to   space 33792K, 0% used [0x00000000f6e80000,0x00000000f6e80000,0x00000000f8f80000)
 ParOldGen       total 134656K, used 94887K [0x00000000a0000000, 0x00000000a8380000, 0x00000000e0000000)
  object space 134656K, 70% used [0x00000000a0000000,0x00000000a5ca9df0,0x00000000a8380000)
 Metaspace       used 84151K, capacity 87952K, committed 88152K, reserved 1126400K
  class space    used 11051K, capacity 11801K, committed 11904K, reserved 1048576K
Event: 5666.551 GC heap after
Heap after GC invocations=23 (full 4):
 PSYoungGen      total 409088K, used 12731K [0x00000000e0000000, 0x00000000fb080000, 0x0000000100000000)
  eden space 375296K, 0% used [0x00000000e0000000,0x00000000e0000000,0x00000000f6e80000)
  from space 33792K, 37% used [0x00000000f6e80000,0x00000000f7aeee88,0x00000000f8f80000)
  to   space 22528K, 0% used [0x00000000f9a80000,0x00000000f9a80000,0x00000000fb080000)
 ParOldGen       total 134656K, used 99688K [0x00000000a0000000, 0x00000000a8380000, 0x00000000e0000000)
  object space 134656K, 74% used [0x00000000a0000000,0x00000000a615a080,0x00000000a8380000)
 Metaspace       used 84151K, capacity 87952K, committed 88152K, reserved 1126400K
  class space    used 11051K, capacity 11801K, committed 11904K, reserved 1048576K
}

Deoptimization events (10 events):
Event: 5670.610 Thread 0x000000001b72e000 Uncommon trap: reason=class_check action=maybe_recompile pc=0x0000000004c295e4 method=com.android.tools.r8.ir.optimize.MoveEliminator.shouldBeEliminated(Lcom/android/tools/r8/ir/code/Instruction;)Z @ 256
Event: 5670.622 Thread 0x000000001e9a7000 Uncommon trap: reason=unstable_if action=reinterpret pc=0x000000000385589c method=com.android.tools.r8.ir.code.ValueType.isWide()Z @ 4
Event: 5670.661 Thread 0x000000001e9a5800 Uncommon trap: reason=unstable_if action=reinterpret pc=0x0000000002efff28 method=com.android.tools.r8.dex.FileWriter.sizeOfCodeItem(Lcom/android/tools/r8/graph/DexCode;)I @ 76
Event: 5670.663 Thread 0x000000001e9a5800 Uncommon trap: reason=null_check action=make_not_entrant pc=0x0000000003a2bbd0 method=sun.nio.fs.NativeBuffers.releaseNativeBuffer(Lsun/nio/fs/NativeBuffer;)V @ 6
Event: 5670.666 Thread 0x000000001e9a5000 Uncommon trap: reason=array_check action=maybe_recompile pc=0x0000000004898bf8 method=java.util.TimSort.mergeHi(IIII)V @ 250
Event: 5670.695 Thread 0x000000001e9a3800 Uncommon trap: reason=speculate_class_check action=maybe_recompile pc=0x00000000055739e4 method=java.nio.charset.CharsetDecoder.reset()Ljava/nio/charset/CharsetDecoder; @ 1
Event: 5670.695 Thread 0x000000001e9a3800 Uncommon trap: reason=speculate_class_check action=maybe_recompile pc=0x00000000055739e4 method=java.nio.charset.CharsetDecoder.reset()Ljava/nio/charset/CharsetDecoder; @ 1
Event: 5670.696 Thread 0x000000001e9a3800 Uncommon trap: reason=speculate_class_check action=maybe_recompile pc=0x00000000055739e4 method=java.nio.charset.CharsetDecoder.reset()Ljava/nio/charset/CharsetDecoder; @ 1
Event: 5670.696 Thread 0x000000001e9a3800 Uncommon trap: reason=speculate_class_check action=maybe_recompile pc=0x00000000055739e4 method=java.nio.charset.CharsetDecoder.reset()Ljava/nio/charset/CharsetDecoder; @ 1
Event: 5670.771 Thread 0x000000001b72e000 Uncommon trap: reason=unstable_if action=reinterpret pc=0x00000000055e3254 method=com.android.tools.r8.ir.regalloc.LiveIntervals.getSplitCovering(I)Lcom/android/tools/r8/ir/regalloc/LiveIntervals; @ 111

Classes redefined (0 events):
No events

Internal exceptions (10 events):
Event: 5670.332 Thread 0x000000001bd2b800 Exception <a 'sun/nio/fs/WindowsException'> (0x00000000eaf51030) thrown at [D:\src\AOSP-openjdk-cygwin\jdk8u\hotspot\src\share\vm\prims\jni.cpp, line 709]
Event: 5670.341 Thread 0x000000001bd2b800 Exception <a 'sun/nio/fs/WindowsException'> (0x00000000eaf86750) thrown at [D:\src\AOSP-openjdk-cygwin\jdk8u\hotspot\src\share\vm\prims\jni.cpp, line 709]
Event: 5670.346 Thread 0x000000001bd2b800 Exception <a 'sun/nio/fs/WindowsException'> (0x00000000eafb9ae0) thrown at [D:\src\AOSP-openjdk-cygwin\jdk8u\hotspot\src\share\vm\prims\jni.cpp, line 709]
Event: 5670.352 Thread 0x000000001bd2b800 Exception <a 'sun/nio/fs/WindowsException'> (0x00000000eafec618) thrown at [D:\src\AOSP-openjdk-cygwin\jdk8u\hotspot\src\share\vm\prims\jni.cpp, line 709]
Event: 5670.358 Thread 0x000000001bd2b800 Exception <a 'sun/nio/fs/WindowsException'> (0x00000000eb01f800) thrown at [D:\src\AOSP-openjdk-cygwin\jdk8u\hotspot\src\share\vm\prims\jni.cpp, line 709]
Event: 5670.363 Thread 0x000000001bd2b800 Exception <a 'sun/nio/fs/WindowsException'> (0x00000000eb055b28) thrown at [D:\src\AOSP-openjdk-cygwin\jdk8u\hotspot\src\share\vm\prims\jni.cpp, line 709]
Event: 5670.371 Thread 0x000000001bd2b800 Exception <a 'sun/nio/fs/WindowsException'> (0x00000000eb087ff8) thrown at [D:\src\AOSP-openjdk-cygwin\jdk8u\hotspot\src\share\vm\prims\jni.cpp, line 709]
Event: 5670.377 Thread 0x000000001bd2b800 Exception <a 'sun/nio/fs/WindowsException'> (0x00000000eb0bbd18) thrown at [D:\src\AOSP-openjdk-cygwin\jdk8u\hotspot\src\share\vm\prims\jni.cpp, line 709]
Event: 5670.663 Thread 0x000000001e9a5800 Implicit null exception at 0x0000000003a2b87b to 0x0000000003a2bbc0
Event: 5670.707 Thread 0x000000001e9a3800 Exception <a 'sun/nio/fs/WindowsException'> (0x00000000ed9719a0) thrown at [D:\src\AOSP-openjdk-cygwin\jdk8u\hotspot\src\share\vm\prims\jni.cpp, line 709]

Events (10 events):
Event: 5670.786 loading class com/android/tools/r8/it/unimi/dsi/fastutil/ints/IntCollections$EmptyCollection
Event: 5670.786 loading class com/android/tools/r8/it/unimi/dsi/fastutil/ints/IntCollections$EmptyCollection done
Event: 5670.787 loading class com/android/tools/r8/it/unimi/dsi/fastutil/ints/IntIterators
Event: 5670.787 loading class com/android/tools/r8/it/unimi/dsi/fastutil/ints/IntIterators done
Event: 5670.788 loading class com/android/tools/r8/it/unimi/dsi/fastutil/ints/IntIterators$EmptyIterator
Event: 5670.788 loading class com/android/tools/r8/it/unimi/dsi/fastutil/ints/IntIterators$EmptyIterator done
Event: 5670.790 loading class com/android/tools/r8/ir/code/Monitor$Type
Event: 5670.790 loading class com/android/tools/r8/ir/code/Monitor$Type done
Event: 5670.791 loading class com/android/tools/r8/cf/code/CfMonitor
Event: 5670.791 loading class com/android/tools/r8/cf/code/CfMonitor done


Dynamic libraries:
0x00007ff78bff0000 - 0x00007ff78c021000 	C:\Program Files\Android\Android Studio\jre\bin\java.exe
0x00007ff812940000 - 0x00007ff812b21000 	C:\WINDOWS\SYSTEM32\ntdll.dll
0x00007ff812590000 - 0x00007ff812642000 	C:\WINDOWS\System32\KERNEL32.DLL
0x00007ff80f5f0000 - 0x00007ff80f863000 	C:\WINDOWS\System32\KERNELBASE.dll
0x00007ff8100b0000 - 0x00007ff810151000 	C:\WINDOWS\System32\ADVAPI32.dll
0x00007ff810c80000 - 0x00007ff810d1e000 	C:\WINDOWS\System32\msvcrt.dll
0x00007ff812810000 - 0x00007ff81286b000 	C:\WINDOWS\System32\sechost.dll
0x00007ff812670000 - 0x00007ff812794000 	C:\WINDOWS\System32\RPCRT4.dll
0x00007ff80fdd0000 - 0x00007ff80ff60000 	C:\WINDOWS\System32\USER32.dll
0x00007ff80edb0000 - 0x00007ff80edd0000 	C:\WINDOWS\System32\win32u.dll
0x00007ff812870000 - 0x00007ff812898000 	C:\WINDOWS\System32\GDI32.dll
0x00007ff80fae0000 - 0x00007ff80fc72000 	C:\WINDOWS\System32\gdi32full.dll
0x00007ff80ed10000 - 0x00007ff80edaf000 	C:\WINDOWS\System32\msvcp_win.dll
0x00007ff80fcd0000 - 0x00007ff80fdca000 	C:\WINDOWS\System32\ucrtbase.dll
0x00007fffef610000 - 0x00007fffef879000 	C:\WINDOWS\WinSxS\amd64_microsoft.windows.common-controls_6595b64144ccf1df_6.0.17134.228_none_fb4599993062b194\COMCTL32.dll
0x00007ff810160000 - 0x00007ff810483000 	C:\WINDOWS\System32\combase.dll
0x00007ff80f870000 - 0x00007ff80f8ea000 	C:\WINDOWS\System32\bcryptPrimitives.dll
0x00007ff810c50000 - 0x00007ff810c7d000 	C:\WINDOWS\System32\IMM32.DLL
0x0000000071530000 - 0x0000000071602000 	C:\Program Files\Android\Android Studio\jre\jre\bin\msvcr100.dll
0x0000000070450000 - 0x0000000070c8f000 	C:\Program Files\Android\Android Studio\jre\jre\bin\server\jvm.dll
0x00007ff810940000 - 0x00007ff810948000 	C:\WINDOWS\System32\PSAPI.DLL
0x00007ff80db40000 - 0x00007ff80db49000 	C:\WINDOWS\SYSTEM32\WSOCK32.dll
0x00007fffff560000 - 0x00007fffff583000 	C:\WINDOWS\SYSTEM32\WINMM.dll
0x00007ff803f40000 - 0x00007ff803f4a000 	C:\WINDOWS\SYSTEM32\VERSION.dll
0x00007ff8128a0000 - 0x00007ff81290c000 	C:\WINDOWS\System32\WS2_32.dll
0x00007fffff530000 - 0x00007fffff55a000 	C:\WINDOWS\SYSTEM32\WINMMBASE.dll
0x00007ff80fc80000 - 0x00007ff80fcc9000 	C:\WINDOWS\System32\cfgmgr32.dll
0x00007ff805780000 - 0x00007ff80578f000 	C:\Program Files\Android\Android Studio\jre\jre\bin\verify.dll
0x00007ffffb800000 - 0x00007ffffb829000 	C:\Program Files\Android\Android Studio\jre\jre\bin\java.dll
0x00007ffffe740000 - 0x00007ffffe756000 	C:\Program Files\Android\Android Studio\jre\jre\bin\zip.dll
0x00007ff810d20000 - 0x00007ff812160000 	C:\WINDOWS\System32\SHELL32.dll
0x00007ff810ba0000 - 0x00007ff810c49000 	C:\WINDOWS\System32\shcore.dll
0x00007ff80edd0000 - 0x00007ff80f4dd000 	C:\WINDOWS\System32\windows.storage.dll
0x00007ff8127a0000 - 0x00007ff8127f1000 	C:\WINDOWS\System32\shlwapi.dll
0x00007ff80ec50000 - 0x00007ff80ec61000 	C:\WINDOWS\System32\kernel.appcore.dll
0x00007ff80ec90000 - 0x00007ff80ecaf000 	C:\WINDOWS\System32\profapi.dll
0x00007ff80ecc0000 - 0x00007ff80ed0c000 	C:\WINDOWS\System32\powrprof.dll
0x00007ff80ecb0000 - 0x00007ff80ecba000 	C:\WINDOWS\System32\FLTLIB.DLL
0x00007ffffb8b0000 - 0x00007ffffb8ca000 	C:\Program Files\Android\Android Studio\jre\jre\bin\net.dll
0x00007ff80e470000 - 0x00007ff80e4d6000 	C:\WINDOWS\system32\mswsock.dll
0x00007ffff9c40000 - 0x00007ffff9c51000 	C:\Program Files\Android\Android Studio\jre\jre\bin\nio.dll
0x00007ffffb7b0000 - 0x00007ffffb7ce000 	C:\Users\anime\.gradle\native\25\windows-amd64\native-platform.dll
0x00007ff802e20000 - 0x00007ff802e2d000 	C:\Program Files\Android\Android Studio\jre\jre\bin\management.dll
0x00007ff80e620000 - 0x00007ff80e637000 	C:\WINDOWS\SYSTEM32\CRYPTSP.dll
0x00007ff80e050000 - 0x00007ff80e083000 	C:\WINDOWS\system32\rsaenh.dll
0x00007ff80e750000 - 0x00007ff80e775000 	C:\WINDOWS\SYSTEM32\bcrypt.dll
0x00007ff80eb50000 - 0x00007ff80eb78000 	C:\WINDOWS\SYSTEM32\USERENV.dll
0x00007ff80e640000 - 0x00007ff80e64b000 	C:\WINDOWS\SYSTEM32\CRYPTBASE.dll
0x00007ff80e1f0000 - 0x00007ff80e228000 	C:\WINDOWS\SYSTEM32\IPHLPAPI.DLL
0x00007ff812800000 - 0x00007ff812808000 	C:\WINDOWS\System32\NSI.dll
0x00007ff8093c0000 - 0x00007ff8093d6000 	C:\WINDOWS\SYSTEM32\dhcpcsvc6.DLL
0x00007ff808c80000 - 0x00007ff808c9a000 	C:\WINDOWS\SYSTEM32\dhcpcsvc.DLL
0x00007ff8057a0000 - 0x00007ff8057be000 	C:\Users\anime\AppData\Local\Temp\native-platform8604966851799824173dir\native-platform.dll
0x00007ff80dd40000 - 0x00007ff80dd71000 	C:\WINDOWS\SYSTEM32\ntmarta.dll

VM Arguments:
jvm_args: -Xmx1536m -Dfile.encoding=windows-1252 -Duser.country=ES -Duser.language=es -Duser.variant 
java_command: org.gradle.launcher.daemon.bootstrap.GradleDaemon 4.4
java_class_path (initial): C:\Users\anime\.gradle\wrapper\dists\gradle-4.4-all\9br9xq1tocpiv8o6njlyu5op1\gradle-4.4\lib\gradle-launcher-4.4.jar
Launcher Type: SUN_STANDARD

Environment Variables:
PATH=C:\ProgramData\Oracle\Java\javapath;C:\Windows\system32;C:\Windows;C:\Windows\System32\Wbem;C:\Windows\System32\WindowsPowerShell\v1.0\;C:\xampp\php;C:\ProgramData\ComposerSetup\bin;C:\Program Files (x86)\NVIDIA Corporation\PhysX\Common;C:\WINDOWS\system32;C:\WINDOWS;C:\WINDOWS\System32\Wbem;C:\WINDOWS\System32\WindowsPowerShell\v1.0\;C:\Program Files\Microsoft SQL Server\Client SDK\ODBC\130\Tools\Binn\;C:\Program Files (x86)\Microsoft SQL Server\140\Tools\Binn\;C:\Program Files\Microsoft SQL Server\140\Tools\Binn\;C:\Program Files\Microsoft SQL Server\140\DTS\Binn\;C:\WINDOWS\system32\config\systemprofile\.dnx\bin;C:\Program Files\Microsoft DNX\Dnvm\;C:\Program Files\Microsoft SQL Server\130\Tools\Binn\;C:\Program Files\Microsoft SQL Server\120\Tools\Binn\;C:\Program Files\Microsoft SQL Server\Client SDK\ODBC\110\Tools\Binn\;C:\Program Files (x86)\Microsoft SQL Server\120\Tools\Binn\;C:\Program Files\Microsoft SQL Server\120\DTS\Binn\;C:\Program Files (x86)\Microsoft SQL Server\120\Tools\Binn\ManagementStudio\;C:\Program Files (x86)\Microsoft SQL Server\120\DTS\Binn\;C:\WINDOWS\System32\OpenSSH\;C:\Users\anime\AppData\Local\Microsoft\WindowsApps;C:\Users\anime\AppData\Local\GitHubDesktop\bin;C:\Users\anime\AppData\Roaming\Composer\vendor\bin;C:\Users\anime\AppData\Local\Google\Cloud SDK\google-cloud-sdk\bin;C:\Users\anime\AppData\Local\atom\bin;%USERPROFILE%\AppData\Local\Microsoft\WindowsApps;
USERNAME=anime
OS=Windows_NT
PROCESSOR_IDENTIFIER=Intel64 Family 6 Model 78 Stepping 3, GenuineIntel



---------------  S Y S T E M  ---------------

OS: Windows 10.0 , 64 bit Build 17134 (10.0.17134.1)

CPU:total 4 (initial active 4) (2 cores per cpu, 2 threads per core) family 6 model 78 stepping 3, cmov, cx8, fxsr, mmx, sse, sse2, sse3, ssse3, sse4.1, sse4.2, popcnt, avx, avx2, aes, clmul, erms, 3dnowpref, lzcnt, ht, tsc, tscinvbit, bmi1, bmi2, adx

Memory: 4k page, physical 8253820k(898656k free), swap 8253820k(8072k free)

vm_info: OpenJDK 64-Bit Server VM (25.152-b02) for windows-amd64 JRE (1.8.0_152-release-1024-b02), built by "builder" with MS VC++ 10.0 (VS2010)

time: Sun Sep 09 00:53:04 2018
elapsed time: 5670 seconds (0d 1h 34m 30s)

